441 441
the shape of the energy array for High symmetry cut is (600, 2)
inotify_add_watch("/home/juan/.config/ibus/bus/34686138ab824158b83de820ac2b3ae7-unix-0") failed: "No space left on device"
starting dispersion ..........
time to diag over MBZ 0.013509035110473633
[0.0, 0, 0] -744.275729024965
free energy metal 
 -744.275729024965
the shape of the energy array for High symmetry cut is (600, 4)
starting dispersion ..........
time to diag over MBZ 0.012120485305786133
[0.0, 0, 0] -744.6953830151206
free energy psp 
 -744.6953830151206
the shape of the energy array for High symmetry cut is (600, 4)
starting dispersion ..........
time to diag over MBZ 0.013394594192504883
0.0 -744.6953830151206
free energy AFM 
 -744.6953830151206
starting dispersion ..........
time to diag over MBZ 0.011761188507080078
[0, 0, 0] -716.4046458740058
starting dispersion ..........
time to diag over MBZ 0.013410806655883789
0 -716.4046458740058
starting dispersion ..........
time to diag over MBZ 0.012850046157836914
[0.2 0.  0. ] -766.3249347829238
starting dispersion ..........
time to diag over MBZ 0.012839317321777344
[1.2 0.  0. ] -875.8282867126073
starting dispersion ..........
time to diag over MBZ 0.012741804122924805
[1.2 1.  0. ] -875.8282867126073
starting dispersion ..........
time to diag over MBZ 0.01335000991821289
[1.2 0.  1. ] -875.8282867126073
starting dispersion ..........
time to diag over MBZ 0.013398885726928711
[2.2 0.  0. ] -32.48742425722912
starting dispersion ..........
time to diag over MBZ 0.013246536254882812
[1.7 0.  0. ] -590.9477782424178
starting dispersion ..........
time to diag over MBZ 0.013273954391479492
[0.95 0.   0.  ] -922.0102067312574
starting dispersion ..........
time to diag over MBZ 0.013327598571777344
[0.7 0.  0. ] -910.8039674357497
starting dispersion ..........
time to diag over MBZ 0.013308525085449219
[0.95  0.125 0.   ] -922.0102067312574
starting dispersion ..........
time to diag over MBZ 0.013438940048217773
[0.7 0.  0. ] -910.8039674357497
starting dispersion ..........
time to diag over MBZ 0.013306856155395508
[0.95  0.    0.125] -922.0102067312574
starting dispersion ..........
time to diag over MBZ 0.01341867446899414
[0.7 0.  0. ] -910.8039674357497
starting dispersion ..........
time to diag over MBZ 0.013447999954223633
[0.825 0.    0.   ] -923.0949733525983
starting dispersion ..........
time to diag over MBZ 0.013556480407714844
[0.7625 0.     0.    ] -918.5443199016852
starting dispersion ..........
time to diag over MBZ 0.013370752334594727
[ 0.825   -0.03125  0.     ] -923.0949733525983
starting dispersion ..........
time to diag over MBZ 0.013442277908325195
[ 0.86664278  0.         -0.0466061 ] -924.2765934163303
starting dispersion ..........
time to diag over MBZ 0.013439178466796875
[ 0.92151494  0.         -0.0166846 ] -923.4925383004302
starting dispersion ..........
time to diag over MBZ 0.013473033905029297
[ 0.86626267  0.         -0.07785379] -924.2726621644306
starting dispersion ..........
time to diag over MBZ 0.01337575912475586
[ 0.86664278  0.015625   -0.0466061 ] -924.2764156308829
starting dispersion ..........
time to diag over MBZ 0.013193368911743164
[ 8.35399594e-01 -2.45961095e-05 -4.59540833e-02] -923.5311032118314
starting dispersion ..........
time to diag over MBZ 0.01338052749633789
[ 8.82267409e-01 -7.45180586e-06 -4.67137741e-02] -924.3275713685114
starting dispersion ..........
time to diag over MBZ 0.014629840850830078
[ 8.97886877e-01 -6.19135352e-05 -4.63015955e-02] -924.1612871175603
starting dispersion ..........
time to diag over MBZ 0.014815330505371094
[ 8.82321245e-01 -7.45180586e-06 -3.89014596e-02] -924.327372431283
starting dispersion ..........
time to diag over MBZ 0.014029741287231445
[ 8.97890627e-01 -6.19420375e-05 -4.69433858e-02] -924.1612209507741
starting dispersion ..........
time to diag over MBZ 0.014959573745727539
[ 8.90079018e-01 -3.46969217e-05 -4.68285799e-02] -924.2716859811471
starting dispersion ..........
time to diag over MBZ 0.015563488006591797
[ 0.88225379 -0.00391368 -0.04671368] -924.3276097792734
starting dispersion ..........
time to diag over MBZ 0.013691902160644531
[ 0.87444135 -0.00389717 -0.04668765] -924.3290685419561
starting dispersion ..........
time to diag over MBZ 0.013557195663452148
[ 0.870572   -0.00408735 -0.04718839] -924.3097459017579
starting dispersion ..........
time to diag over MBZ 0.013550996780395508
[ 0.87470843 -0.004447   -0.04854266] -924.3299084630919
starting dispersion ..........
time to diag over MBZ 0.01347661018371582
[ 0.87633149 -0.00782843 -0.04745161] -924.3336494485914
starting dispersion ..........
time to diag over MBZ 0.013668298721313477
[ 0.88012081 -0.00688329 -0.047533  ] -924.3333649298474
starting dispersion ..........
time to diag over MBZ 0.013472795486450195
[ 0.8766679  -0.00974127 -0.04765791] -924.3341124872295
starting dispersion ..........
time to diag over MBZ 0.013730287551879883
[ 0.87674242 -0.01016948 -0.04575376] -924.3342069885953
starting dispersion ..........
time to diag over MBZ 0.013371706008911133
[ 0.87578061 -0.01033859 -0.04575415] -924.332601835054
starting dispersion ..........
time to diag over MBZ 0.013459444046020508
[ 0.87869464 -0.01011031 -0.04575849] -924.3349362055917
starting dispersion ..........
time to diag over MBZ 0.013571500778198242
[ 0.88046769 -0.01092917 -0.04577974] -924.3326512256453
starting dispersion ..........
time to diag over MBZ 0.013797760009765625
[ 0.87877172 -0.00916292 -0.04553447] -924.3349091856367
starting dispersion ..........
time to diag over MBZ 0.013572454452514648
[ 0.87865023 -0.01021878 -0.04528448] -924.3349572219554
starting dispersion ..........
time to diag over MBZ 0.013695955276489258
[ 0.87767683 -0.010152   -0.04532588] -924.3349794720086
starting dispersion ..........
time to diag over MBZ 0.013435840606689453
[ 0.87744099 -0.01045615 -0.04502538] -924.3348546525194
starting dispersion ..........
time to diag over MBZ 0.013751506805419922
[ 0.87768103 -0.0099821  -0.04515061] -924.3349841301056
starting dispersion ..........
time to diag over MBZ 0.013644218444824219
[ 0.87768184 -0.00961009 -0.04546689] -924.3349886338751
starting dispersion ..........
time to diag over MBZ 0.013759374618530273
[ 0.87792591 -0.0096041  -0.04546596] -924.3350613070065
starting dispersion ..........
time to diag over MBZ 0.013569116592407227
[ 0.87816969 -0.00959152 -0.04546221] -924.3350811868188
starting dispersion ..........
time to diag over MBZ 0.013747453689575195
[ 0.87830347 -0.00942525 -0.0455808 ] -924.3350714748669
starting dispersion ..........
time to diag over MBZ 0.013580560684204102
[ 0.8781644  -0.00951791 -0.04536498] -924.3350825879693
starting dispersion ..........
time to diag over MBZ 0.013725519180297852
[ 0.87831776 -0.00965111 -0.04522954] -924.3350672472138
starting dispersion ..........
time to diag over MBZ 0.013591766357421875
[ 0.87806543 -0.00950356 -0.04536515] -924.3350806818817
starting dispersion ..........
time to diag over MBZ 0.013553380966186523
[ 0.87817021 -0.00947816 -0.04539475] -924.3350828892885
starting dispersion ..........
time to diag over MBZ 0.013576745986938477
[ 0.87825514 -0.00943588 -0.04536314] -924.3350779667724
starting dispersion ..........
time to diag over MBZ 0.01764082908630371
[0.2] [-734.82733811]
starting dispersion ..........
time to diag over MBZ 0.01797652244567871
[1.2] [-499.62813403]
starting dispersion ..........
time to diag over MBZ 0.0168306827545166
[-0.8] [-695.7075912]
starting dispersion ..........
time to diag over MBZ 0.02361607551574707
[-0.3] [-744.05444708]
starting dispersion ..........
time to diag over MBZ 0.02336263656616211
[-0.55] [-743.46355904]
starting dispersion ..........
time to diag over MBZ 0.016789913177490234
[-0.175] [-732.04927032]
starting dispersion ..........
time to diag over MBZ 0.019206762313842773
[-0.3625] [-747.552627]
starting dispersion ..........
time to diag over MBZ 0.016765832901000977
[-0.425] [-748.81271343]
starting dispersion ..........
time to diag over MBZ 0.016988277435302734
[-0.4875] [-747.53134232]
starting dispersion ..........
time to diag over MBZ 0.016998291015625
[-0.45625] [-748.50615833]
starting dispersion ..........
time to diag over MBZ 0.017021894454956055
[-0.409375] [-748.72526296]
starting dispersion ..........
time to diag over MBZ 0.017022371292114258
[-0.4328125] [-748.79703004]
starting dispersion ..........
time to diag over MBZ 0.01699662208557129
[-0.42109375] [-748.80560344]
starting dispersion ..........
time to diag over MBZ 0.016953468322753906
[-0.42695312] [-748.81254276]
starting dispersion ..........
time to diag over MBZ 0.016951799392700195
[-0.42402344] [-748.8118658]
starting dispersion ..........
time to diag over MBZ 0.017014026641845703
[-0.42548828] [-748.81290419]
starting dispersion ..........
time to diag over MBZ 0.016932964324951172
[-0.42597656] [-748.81293942]
starting dispersion ..........
time to diag over MBZ 0.016806364059448242
[-0.42646484] [-748.81281899]
starting dispersion ..........
time to diag over MBZ 0.01688528060913086
[-0.4262207] [-748.81289867]
starting dispersion ..........
time to diag over MBZ 0.01675868034362793
[-0.42587656] [-748.81294488]
starting dispersion ..........
time to diag over MBZ 0.016820192337036133
[-0.42577656] [-748.81294381]
0.01 [ 0.87825514 -0.00943588 -0.04536314] -748.8129438076407 time for minimization 0.37656211853027344
starting dispersion ..........
time to diag over MBZ 0.01189112663269043
[0, 0, 0] -716.9478321957266
starting dispersion ..........
time to diag over MBZ 0.013202428817749023
0 -716.9478321957266
starting dispersion ..........
time to diag over MBZ 0.01268625259399414
[ 0.87825514 -0.00943588 -0.04536314] -924.3350779667721
starting dispersion ..........
time to diag over MBZ 0.01276850700378418
[ 1.87825514 -0.00943588 -0.04536314] -423.90792920631566
starting dispersion ..........
time to diag over MBZ 0.012735605239868164
[ 0.87825514  0.99056412 -0.04536314] -924.1870199904392
starting dispersion ..........
time to diag over MBZ 0.012786388397216797
[ 0.87825514 -0.00943588  0.95463686] -924.3148312278513
starting dispersion ..........
time to diag over MBZ 0.012786149978637695
[-0.12174481 -0.00973174 -0.0454036 ] -740.4677373941495
starting dispersion ..........
time to diag over MBZ 0.012774229049682617
[ 0.37825516 -0.00958381 -0.04538337] -829.0305220199356
starting dispersion ..........
time to diag over MBZ 0.012654542922973633
[ 1.12825507 -0.00963007 -0.0453897 ] -895.3372369058546
starting dispersion ..........
time to diag over MBZ 0.012710809707641602
[ 0.87815805 -0.13443584 -0.04536314] -924.3227225579597
starting dispersion ..........
time to diag over MBZ 0.012678384780883789
[ 0.62825548 -0.00902865 -0.04540678] -898.2292368774285
starting dispersion ..........
time to diag over MBZ 0.012924432754516602
[ 0.87824186 -0.00943587 -0.17036314] -924.3342655280344
starting dispersion ..........
time to diag over MBZ 0.012630701065063477
[ 0.62825548 -0.00902865 -0.04532258] -898.2292368989505
starting dispersion ..........
time to diag over MBZ 0.012636184692382812
[ 0.75325531 -0.00923226 -0.04534286] -917.5961930475283
starting dispersion ..........
time to diag over MBZ 0.012658119201660156
[ 0.94075511 -0.00936983 -0.04536225] -922.5728543445414
starting dispersion ..........
time to diag over MBZ 0.012612104415893555
[ 0.84700543 -0.00930205 -0.04535262] -923.9073855892057
starting dispersion ..........
time to diag over MBZ 0.012628555297851562
[ 0.87832205  0.00618898 -0.04536315] -924.3351047940043
starting dispersion ..........
time to diag over MBZ 0.012651681900024414
[ 0.90957178  0.00605908 -0.04535163] -923.893645487341
starting dispersion ..........
time to diag over MBZ 0.012652158737182617
[ 0.87831629  0.00618901 -0.02973815] -924.3351210971375
starting dispersion ..........
time to diag over MBZ 0.01262521743774414
[ 0.8470666   0.00632663 -0.02974736] -923.9091052261176
starting dispersion ..........
time to diag over MBZ 0.012640237808227539
[ 0.89394116  0.00612407 -0.02973119] -924.2238962757156
starting dispersion ..........
time to diag over MBZ 0.01263570785522461
[ 0.87050387  0.00622435 -0.02973989] -924.3092880688926
starting dispersion ..........
time to diag over MBZ 0.012647628784179688
[ 0.87833396  0.01009522 -0.02973815] -924.3350989134303
starting dispersion ..........
time to diag over MBZ 0.01259303092956543
[ 0.88612864  0.00614025 -0.02973281] -924.3067419827637
starting dispersion ..........
time to diag over MBZ 0.012622356414794922
[ 0.88222247  0.00616463 -0.02973548] -924.3277238802375
starting dispersion ..........
time to diag over MBZ 0.012614727020263672
[ 0.87831496  0.00618902 -0.02778503] -924.335122780124
starting dispersion ..........
time to diag over MBZ 0.012602567672729492
[ 0.87440871  0.00619497 -0.02778592] -924.3289621938259
starting dispersion ..........
time to diag over MBZ 0.012667655944824219
[ 0.88026802  0.00617315 -0.02778262] -924.3331226666878
starting dispersion ..........
time to diag over MBZ 0.01267695426940918
[ 0.87830702  0.00521249 -0.02778503] -924.3351269361665
starting dispersion ..........
time to diag over MBZ 0.012700080871582031
[ 0.87635391  0.00522024 -0.02778472] -924.3337250809941
starting dispersion ..........
time to diag over MBZ 0.012645721435546875
[ 0.87928349  0.00519876 -0.02778319] -924.3345576144377
starting dispersion ..........
time to diag over MBZ 0.012687206268310547
[ 0.8783061   0.00521249 -0.02729675] -924.3351273233693
starting dispersion ..........
time to diag over MBZ 0.012612581253051758
[ 0.87732954  0.0052133  -0.02729726] -924.3348488908698
starting dispersion ..........
time to diag over MBZ 0.012710332870483398
[ 0.87879425  0.00520124 -0.02729447] -924.3349490198839
starting dispersion ..........
time to diag over MBZ 0.012682676315307617
[ 0.87830048  0.00496842 -0.02729676] -924.3351287789176
starting dispersion ..........
time to diag over MBZ 0.012682676315307617
[ 0.87781221  0.0049717  -0.02729662] -924.3350929736418
starting dispersion ..........
time to diag over MBZ 0.012614011764526367
[ 0.87854328  0.00494306 -0.02729367] -924.3350678159632
starting dispersion ..........
time to diag over MBZ 0.012698888778686523
[ 0.87829893  0.00496845 -0.0271747 ] -924.3351290560868
starting dispersion ..........
time to diag over MBZ 0.012654781341552734
[ 0.87805479  0.00496828 -0.02717558] -924.3351372881309
starting dispersion ..........
time to diag over MBZ 0.012662410736083984
[ 0.87781384  0.00493122 -0.0271624 ] -924.3350936088657
starting dispersion ..........
time to diag over MBZ 0.012662649154663086
[ 0.8779561   0.0049531  -0.02717018] -924.3351256312876
starting dispersion ..........
time to diag over MBZ 0.012645721435546875
[ 0.87806284  0.0049217  -0.0271593 ] -924.3351379847913
starting dispersion ..........
time to diag over MBZ 0.012686014175415039
[ 0.87809651  0.00495413 -0.0270709 ] -924.3351397147999
starting dispersion ..........
time to diag over MBZ 0.01263117790222168
[ 0.87819445  0.00495158 -0.02709092] -924.3351391392259
starting dispersion ..........
time to diag over MBZ 0.016660690307617188
[-0.42577656] [-748.81294415]
starting dispersion ..........
time to diag over MBZ 0.016713619232177734
[0.57422344] [-741.09319427]
starting dispersion ..........
time to diag over MBZ 0.016757488250732422
[-1.42577656] [-317.63399711]
starting dispersion ..........
time to diag over MBZ 0.016745567321777344
[-0.92577656] [-650.74293955]
starting dispersion ..........
time to diag over MBZ 0.016695499420166016
[-0.17577656] [-732.14094144]
starting dispersion ..........
time to diag over MBZ 0.016875028610229492
[-0.55077656] [-743.39459868]
starting dispersion ..........
time to diag over MBZ 0.016688823699951172
[-0.36327656] [-747.5827207]
starting dispersion ..........
time to diag over MBZ 0.016759395599365234
[-0.45702656] [-748.49015682]
starting dispersion ..........
time to diag over MBZ 0.01653766632080078
[-0.41015156] [-748.73330209]
starting dispersion ..........
time to diag over MBZ 0.01656627655029297
[-0.43358906] [-748.79327765]
starting dispersion ..........
time to diag over MBZ 0.016600370407104492
[-0.42187031] [-748.80780625]
starting dispersion ..........
time to diag over MBZ 0.01667475700378418
[-0.42772969] [-748.81178254]
starting dispersion ..........
time to diag over MBZ 0.016637563705444336
[-0.4248] [-748.81259078]
starting dispersion ..........
time to diag over MBZ 0.016770362854003906
[-0.42626484] [-748.81288748]
starting dispersion ..........
time to diag over MBZ 0.0167539119720459
[-0.42553242] [-748.81291412]
starting dispersion ..........
time to diag over MBZ 0.016812801361083984
[-0.42587656] [-748.81294522]
starting dispersion ..........
time to diag over MBZ 0.016819477081298828
[-0.42597656] [-748.81293976]
0.025555555555555554 [ 0.87819445  0.00495158 -0.02709092] -748.8129397630676 time for minimization 0.2870900630950928
starting dispersion ..........
time to diag over MBZ 0.01181483268737793
[0, 0, 0] -718.2626416392862
starting dispersion ..........
time to diag over MBZ 0.013408184051513672
0 -718.2626416392862
starting dispersion ..........
time to diag over MBZ 0.012731790542602539
[ 0.87819445  0.00495158 -0.02709092] -924.3351391392273
starting dispersion ..........
time to diag over MBZ 0.012715816497802734
[ 1.87819445  0.00495158 -0.02709092] -423.970965049356
starting dispersion ..........
time to diag over MBZ 0.0126800537109375
[ 0.87819445  1.00495158 -0.02709092] -924.2836712119752
starting dispersion ..........
time to diag over MBZ 0.012668371200561523
[0.87819445 0.00495158 0.97290908] -924.3294091811174
starting dispersion ..........
time to diag over MBZ 0.012690305709838867
[-0.12180554  0.00484871 -0.02710237] -740.6018554956223
starting dispersion ..........
time to diag over MBZ 0.012653589248657227
[ 0.37819446  0.00490014 -0.02709665] -829.0101143324217
starting dispersion ..........
time to diag over MBZ 0.0127105712890625
[ 1.12819444  0.00488409 -0.02709843] -895.3516357964364
starting dispersion ..........
time to diag over MBZ 0.012647151947021484
[ 0.87816071 -0.12004842 -0.02709092] -924.331594265094
starting dispersion ..........
time to diag over MBZ 0.012674093246459961
[ 0.62819449  0.00508022 -0.02710328] -898.2169846982772
starting dispersion ..........
time to diag over MBZ 0.012642383575439453
[ 0.8781907   0.00495158 -0.15209092] -924.3349527484979
starting dispersion ..........
time to diag over MBZ 0.01259922981262207
[ 0.62819449  0.00508022 -0.02708019] -898.2169846896744
starting dispersion ..........
time to diag over MBZ 0.012625455856323242
[ 0.75319447  0.0050159  -0.02708556] -917.5897658176596
starting dispersion ..........
time to diag over MBZ 0.012661218643188477
[ 0.94069445  0.00496755 -0.02709107] -922.5763482952233
starting dispersion ..........
time to diag over MBZ 0.012589454650878906
[ 0.84694448  0.0049915  -0.02708833] -923.9057664219029
starting dispersion ..........
time to diag over MBZ 0.01264500617980957
[ 0.87819575  0.00495158 -0.01146592] -924.3351441314787
starting dispersion ..........
time to diag over MBZ 0.012627601623535156
[ 0.9094457   0.00500764 -0.01146779] -923.8972167076072
starting dispersion ..........
time to diag over MBZ 0.012679815292358398
[ 0.87816772  0.02057655 -0.01146592] -924.3351272511304
starting dispersion ..........
time to diag over MBZ 0.012551546096801758
[ 0.84694581  0.0048931  -0.01146261] -923.9058077296336
starting dispersion ..........
time to diag over MBZ 0.012656450271606445
[ 0.86257078  0.00492234 -0.01146427] -924.2278554913507
starting dispersion ..........
time to diag over MBZ 0.012641668319702148
[ 0.88600824  0.00496436 -0.01146621] -924.3076023671863
starting dispersion ..........
time to diag over MBZ 0.012650728225708008
[ 0.87428951  0.00494337 -0.01146524] -924.3285704105983
starting dispersion ..........
time to diag over MBZ 0.012777566909790039
[ 0.87819985  0.00299845 -0.01146592] -924.3351446159318
starting dispersion ..........
time to diag over MBZ 0.012762308120727539
[ 0.8821061   0.00300608 -0.0114655 ] -924.3281516010159
starting dispersion ..........
time to diag over MBZ 0.012715816497802734
[ 0.87819964  0.00299845 -0.0095128 ] -924.3351447533576
starting dispersion ..........
time to diag over MBZ 0.012795448303222656
[ 0.8742934   0.00298971 -0.00951306] -924.3285845221671
starting dispersion ..........
time to diag over MBZ 0.01254892349243164
[ 0.88015277  0.00300227 -0.00951251] -924.3333446626384
starting dispersion ..........
time to diag over MBZ 0.012638092041015625
[ 0.87722308  0.00299614 -0.00951283] -924.3347739994551
starting dispersion ..........
time to diag over MBZ 0.012685298919677734
[ 0.8782008   0.00251017 -0.0095128 ] -924.3351447737052
starting dispersion ..........
time to diag over MBZ 0.01273488998413086
[ 0.87917736  0.00251238 -0.00951251] -924.3346674909051
starting dispersion ..........
time to diag over MBZ 0.012719154357910156
[ 0.87771252  0.00250897 -0.00951278] -924.3350657464134
starting dispersion ..........
time to diag over MBZ 0.012718915939331055
[ 0.87820081  0.00251017 -0.00926866] -924.3351447831003
starting dispersion ..........
time to diag over MBZ 0.012673139572143555
[ 0.87868909  0.0025112  -0.00926856] -924.335012048022
starting dispersion ..........
time to diag over MBZ 0.012726068496704102
[ 0.87795667  0.00250956 -0.00926861] -924.3351317373238
starting dispersion ..........
time to diag over MBZ 0.012647151947021484
[ 0.87820112  0.0023881  -0.00926866] -924.3351447837176
starting dispersion ..........
time to diag over MBZ 0.012666940689086914
[ 0.87844526  0.0023887  -0.00926849] -924.3351048231732
starting dispersion ..........
time to diag over MBZ 0.012699604034423828
[ 0.87810112  0.00238785 -0.00926863] -924.3351458682039
starting dispersion ..........
time to diag over MBZ 0.012673139572143555
[ 0.87810113  0.00238785 -0.00921863] -924.3351458704651
starting dispersion ..........
time to diag over MBZ 0.012658119201660156
[ 0.87800113  0.00238755 -0.00921818] -924.3351380750669
starting dispersion ..........
time to diag over MBZ 0.016707420349121094
[-0.42597656] [-748.81331539]
starting dispersion ..........
time to diag over MBZ 0.016680002212524414
[0.57402344] [-741.11464522]
starting dispersion ..........
time to diag over MBZ 0.0167081356048584
[-1.42597656] [-317.4490108]
starting dispersion ..........
time to diag over MBZ 0.016709566116333008
[-0.92597656] [-650.65960359]
starting dispersion ..........
time to diag over MBZ 0.0166471004486084
[-0.17597656] [-732.27054488]
starting dispersion ..........
time to diag over MBZ 0.01663947105407715
[-0.55097656] [-743.3767833]
starting dispersion ..........
time to diag over MBZ 0.016697168350219727
[-0.36347656] [-747.59202234]
starting dispersion ..........
time to diag over MBZ 0.016700029373168945
[-0.45722656] [-748.48614949]
starting dispersion ..........
time to diag over MBZ 0.0167539119720459
[-0.41035156] [-748.73585137]
starting dispersion ..........
time to diag over MBZ 0.01661849021911621
[-0.43378906] [-748.79255954]
starting dispersion ..........
time to diag over MBZ 0.016689062118530273
[-0.42207031] [-748.8087217]
starting dispersion ..........
time to diag over MBZ 0.01663517951965332
[-0.42792969] [-748.8118816]
starting dispersion ..........
time to diag over MBZ 0.016585826873779297
[-0.425] [-748.81309808]
starting dispersion ..........
time to diag over MBZ 0.016621112823486328
[-0.42646484] [-748.81319069]
starting dispersion ..........
time to diag over MBZ 0.016594409942626953
[-0.42573242] [-748.81331938]
starting dispersion ..........
time to diag over MBZ 0.017139673233032227
[-0.42563242] [-748.81330979]
starting dispersion ..........
time to diag over MBZ 0.017702817916870117
[-0.42583242] [-748.81332245]
starting dispersion ..........
time to diag over MBZ 0.017880678176879883
[-0.42593242] [-748.81331899]
0.041111111111111105 [ 0.87800113  0.00238755 -0.00921818] -748.8133189948214 time for minimization 0.3059537410736084
starting dispersion ..........
time to diag over MBZ 0.01191568374633789
[0, 0, 0] -720.3557313153169
starting dispersion ..........
time to diag over MBZ 0.013394594192504883
0 -720.3557313153169
starting dispersion ..........
time to diag over MBZ 0.01282358169555664
[ 0.87800113  0.00238755 -0.00921818] -924.3351380835377
starting dispersion ..........
time to diag over MBZ 0.01276707649230957
[ 1.87800113  0.00238755 -0.00921818] -424.1712244926639
starting dispersion ..........
time to diag over MBZ 0.012787580490112305
[ 0.87800113  1.00238755 -0.00921818] -924.3291512921323
starting dispersion ..........
time to diag over MBZ 0.012826681137084961
[0.87800113 0.00238755 0.99078182] -924.3337728271708
starting dispersion ..........
time to diag over MBZ 0.012859821319580078
[-0.12199887  0.00237558 -0.00922091] -741.161807320183
starting dispersion ..........
time to diag over MBZ 0.012803792953491211
[ 0.37800113  0.00238156 -0.00921955] -828.9465902520667
starting dispersion ..........
time to diag over MBZ 0.012853860855102539
[ 1.12800113  0.0023797  -0.00921997] -895.39725958884
starting dispersion ..........
time to diag over MBZ 0.01285243034362793
[ 0.87799721 -0.12261245 -0.00921818] -924.334709114102
starting dispersion ..........
time to diag over MBZ 0.012882471084594727
[ 0.62800113  0.00240281 -0.00922113] -898.1780384777114
starting dispersion ..........
time to diag over MBZ 0.012807369232177734
[ 0.87800024  0.00238755 -0.13421818] -924.335103193898
starting dispersion ..........
time to diag over MBZ 0.01288294792175293
[ 0.62800113  0.00240281 -0.00921579] -898.1780384766275
starting dispersion ..........
time to diag over MBZ 0.012851715087890625
[ 0.75300113  0.00239518 -0.00921699] -917.5691925080137
starting dispersion ..........
time to diag over MBZ 0.012848377227783203
[ 0.94050113  0.00238955 -0.00921831] -922.5872710513434
starting dispersion ..........
time to diag over MBZ 0.012808799743652344
[ 0.84675113  0.00239236 -0.00921765] -923.9004507369632
starting dispersion ..........
time to diag over MBZ 0.012854576110839844
[ 0.87800354  0.01801255 -0.00921818] -924.3351291068336
starting dispersion ..........
time to diag over MBZ 0.012835264205932617
[ 0.90925113  0.00238144 -0.00921778] -923.9026603172792
starting dispersion ..........
time to diag over MBZ 0.012858390808105469
[0.8780014  0.00238755 0.00640682] -924.335138201993
starting dispersion ..........
time to diag over MBZ 0.012842178344726562
[0.9092514  0.00238144 0.0064063 ] -923.9026529406692
starting dispersion ..........
time to diag over MBZ 0.01286458969116211
[0.8623764  0.00238931 0.00640709] -924.2251649933016
starting dispersion ..........
time to diag over MBZ 0.012862682342529297
[0.8858139  0.00238571 0.00640669] -924.3089480265232
starting dispersion ..........
time to diag over MBZ 0.012916803359985352
[ 0.87800048 -0.0015187   0.00640682] -924.3351381368623
starting dispersion ..........
time to diag over MBZ 0.012905597686767578
[0.8701889  0.00238943 0.00640697] -924.3071248125345
starting dispersion ..........
time to diag over MBZ 0.012889623641967773
[0.87409515 0.00238849 0.00640689] -924.3278909903897
starting dispersion ..........
time to diag over MBZ 0.012898921966552734
[0.87800144 0.00238755 0.00835994] -924.3351381503358
starting dispersion ..........
time to diag over MBZ 0.012892484664916992
[0.88190765 0.00238666 0.00640668] -924.3288344506398
starting dispersion ..........
time to diag over MBZ 0.012845516204833984
[0.87995453 0.00238711 0.00640675] -924.3336821852415
starting dispersion ..........
time to diag over MBZ 0.012878179550170898
[0.87702484 0.0023878  0.0064068 ] -924.3345955569259
starting dispersion ..........
time to diag over MBZ 0.012875080108642578
[0.87800153 0.00287583 0.00640682] -924.3351381812608
starting dispersion ..........
time to diag over MBZ 0.012879610061645508
[0.87897796 0.00238722 0.00640675] -924.3348339105098
starting dispersion ..........
time to diag over MBZ 0.012839078903198242
[0.87848968 0.00238739 0.00640678] -924.335091954415
starting dispersion ..........
time to diag over MBZ 0.012869119644165039
[0.87800139 0.00238755 0.00616268] -924.3351382059839
starting dispersion ..........
time to diag over MBZ 0.012827396392822266
[0.8775131  0.00238746 0.00616262] -924.3349727123236
starting dispersion ..........
time to diag over MBZ 0.01284933090209961
[0.87824553 0.00238746 0.00616265] -924.335141556402
starting dispersion ..........
time to diag over MBZ 0.012830257415771484
[0.87824548 0.00226539 0.00616265] -924.3351415682203
starting dispersion ..........
time to diag over MBZ 0.012861251831054688
[0.87848961 0.00226357 0.00616234] -924.3350919897446
starting dispersion ..........
time to diag over MBZ 0.0128326416015625
[0.87817711 0.00226538 0.00608967] -924.3351459653425
starting dispersion ..........
time to diag over MBZ 0.012877464294433594
[0.87809288 0.00226537 0.00614357] -924.3351456713738
starting dispersion ..........
time to diag over MBZ 0.012808561325073242
[0.87812878 0.00226518 0.00600213] -924.3351465696833
starting dispersion ..........
time to diag over MBZ 0.012834548950195312
[0.87812678 0.0021672  0.00598223] -924.3351465556941
starting dispersion ..........
time to diag over MBZ 0.012858390808105469
[0.87811857 0.00228721 0.00590512] -924.3351464323555
starting dispersion ..........
time to diag over MBZ 0.01702260971069336
[-0.42593242] [-748.82319068]
starting dispersion ..........
time to diag over MBZ 0.016942501068115234
[0.57406758] [-741.11074181]
starting dispersion ..........
time to diag over MBZ 0.016965627670288086
[-1.42593242] [-317.48984151]
starting dispersion ..........
time to diag over MBZ 0.01690840721130371
[-0.92593242] [-650.67800138]
starting dispersion ..........
time to diag over MBZ 0.016892433166503906
[-0.17593242] [-732.74490767]
starting dispersion ..........
time to diag over MBZ 0.016908645629882812
[-0.55093242] [-743.38194291]
starting dispersion ..........
time to diag over MBZ 0.016855955123901367
[-0.36343242] [-747.61781387]
starting dispersion ..........
time to diag over MBZ 0.016847610473632812
[-0.45718242] [-748.49295553]
starting dispersion ..........
time to diag over MBZ 0.01687335968017578
[-0.41030742] [-748.74818461]
starting dispersion ..........
time to diag over MBZ 0.016803503036499023
[-0.43374492] [-748.80146466]
starting dispersion ..........
time to diag over MBZ 0.017324447631835938
[-0.42202617] [-748.81914279]
starting dispersion ..........
time to diag over MBZ 0.018869876861572266
[-0.42788555] [-748.82149964]
starting dispersion ..........
time to diag over MBZ 0.017733097076416016
[-0.42495586] [-748.82310585]
starting dispersion ..........
time to diag over MBZ 0.017309904098510742
[-0.4264207] [-748.82300071]
starting dispersion ..........
time to diag over MBZ 0.017690658569335938
[-0.42568828] [-748.82322755]
starting dispersion ..........
time to diag over MBZ 0.01764965057373047
[-0.42544414] [-748.82322569]
starting dispersion ..........
time to diag over MBZ 0.017842769622802734
[-0.42558828] [-748.82323147]
starting dispersion ..........
time to diag over MBZ 0.01772141456604004
[-0.42548828] [-748.82322889]
0.056666666666666664 [0.87811857 0.00228721 0.00590512] -748.8232288897622 time for minimization 0.3150303363800049
starting dispersion ..........
time to diag over MBZ 0.012488603591918945
[0, 0, 0] -723.1174277346455
starting dispersion ..........
time to diag over MBZ 0.014051198959350586
0 -723.1174277346456
starting dispersion ..........
time to diag over MBZ 0.013045310974121094
[0.87811857 0.00228721 0.00590512] -924.3351477501781
starting dispersion ..........
time to diag over MBZ 0.0131378173828125
[1.87811857 0.00228721 0.00590512] -424.0495897541541
starting dispersion ..........
time to diag over MBZ 0.01326608657836914
[0.87811857 1.00228721 0.00590512] -924.332690021676
starting dispersion ..........
time to diag over MBZ 0.013177633285522461
[0.87811857 0.00228721 1.00590512] -924.333869818119
starting dispersion ..........
time to diag over MBZ 0.01285862922668457
[-0.12188143  0.0022823   0.00590256] -742.2232838750607
starting dispersion ..........
time to diag over MBZ 0.012822151184082031
[0.37811857 0.00228476 0.00590384] -829.0020772489233
starting dispersion ..........
time to diag over MBZ 0.012901544570922852
[1.12811857 0.00228399 0.00590344] -895.3695531300915
starting dispersion ..........
time to diag over MBZ 0.012996673583984375
[ 0.87811696 -0.12271279  0.00590512] -924.3349715600809
starting dispersion ..........
time to diag over MBZ 0.013672590255737305
[0.62811857 0.00229348 0.00590236] -898.2018540607315
starting dispersion ..........
time to diag over MBZ 0.012867212295532227
[ 0.87811773  0.00228721 -0.11909488] -924.3351225095612
starting dispersion ..........
time to diag over MBZ 0.013048171997070312
[0.62811857 0.00229348 0.00590723] -898.2018540594032
starting dispersion ..........
time to diag over MBZ 0.01298975944519043
[0.75311857 0.00229034 0.00590617] -917.5817100703687
starting dispersion ..........
time to diag over MBZ 0.013555288314819336
[0.94061857 0.00228804 0.00590493] -922.5806444696161
starting dispersion ..........
time to diag over MBZ 0.013573884963989258
[0.84686857 0.00228918 0.00590555] -923.9036892859338
starting dispersion ..........
time to diag over MBZ 0.013636589050292969
[0.87811955 0.01791221 0.00590512] -924.335144000577
starting dispersion ..........
time to diag over MBZ 0.013233423233032227
[0.90936857 0.0022847  0.00590536] -923.8993802534067
starting dispersion ..........
time to diag over MBZ 0.013562202453613281
[0.87811879 0.00228721 0.02153012] -924.3351469862992
starting dispersion ..........
time to diag over MBZ 0.013637781143188477
[0.90936857 0.0022847  0.00590457] -923.8993802535294
starting dispersion ..........
time to diag over MBZ 0.013622045516967773
[0.89374357 0.00228595 0.00590484] -924.2266774974967
starting dispersion ..........
time to diag over MBZ 0.013731956481933594
[0.87030607 0.00228743 0.00590517] -924.307945593918
starting dispersion ..........
time to diag over MBZ 0.013617277145385742
[0.88202482 0.0022867  0.00590501] -924.3284369553076
starting dispersion ..........
time to diag over MBZ 0.01361536979675293
[8.78118310e-01 3.34086414e-04 5.90511724e-03] -924.3351478066281
starting dispersion ..........
time to diag over MBZ 0.013572454452514648
[8.74212060e-01 3.34536407e-04 5.90506036e-03] -924.3283057961671
starting dispersion ..........
time to diag over MBZ 0.01328420639038086
[8.78118339e-01 3.34086407e-04 3.95199224e-03] -924.3351478078828
starting dispersion ..........
time to diag over MBZ 0.013322830200195312
[8.82024589e-01 3.33506239e-04 3.95204769e-03] -924.3284378102728
starting dispersion ..........
time to diag over MBZ 0.013366222381591797
[8.76165214e-01 3.34311400e-04 3.95196307e-03] -924.3334188480956
starting dispersion ..........
time to diag over MBZ 0.012837648391723633
[8.79094901e-01 3.33925595e-04 3.95200575e-03] -924.3347420432244
starting dispersion ..........
time to diag over MBZ 0.013063669204711914
[ 8.78118258e-01 -1.54194836e-04  3.95199224e-03] -924.335147806883
starting dispersion ..........
time to diag over MBZ 0.013264179229736328
[8.77141776e-01 3.34252032e-04 3.95197651e-03] -924.3347065768053
starting dispersion ..........
time to diag over MBZ 0.013228416442871094
[8.77630058e-01 3.34169220e-04 3.95198438e-03] -924.3350330357043
starting dispersion ..........
time to diag over MBZ 0.012887716293334961
[8.78118343e-01 3.34086406e-04 3.70785162e-03] -924.3351478080265
starting dispersion ..........
time to diag over MBZ 0.012710332870483398
[8.78606624e-01 3.34010254e-04 3.70785826e-03] -924.3350508295478
starting dispersion ..........
time to diag over MBZ 0.012983083724975586
[8.77874202e-01 3.34129126e-04 3.70784696e-03] -924.3351168875206
starting dispersion ..........
time to diag over MBZ 0.01291513442993164
[8.78118364e-01 4.56156717e-04 3.70785162e-03] -924.3351478079619
starting dispersion ..........
time to diag over MBZ 0.013043642044067383
[8.78362483e-01 3.34042667e-04 3.70785441e-03] -924.335125791293
starting dispersion ..........
time to diag over MBZ 0.012991189956665039
[8.78218343e-01 3.34068491e-04 3.70785276e-03] -924.3351451912631
starting dispersion ..........
time to diag over MBZ 0.013201713562011719
[8.78118343e-01 3.34086406e-04 3.65785162e-03] -924.3351478080508
starting dispersion ..........
time to diag over MBZ 0.013391256332397461
[8.78018343e-01 3.34101883e-04 3.65784861e-03] -924.33514154347
starting dispersion ..........
time to diag over MBZ 0.01767277717590332
[-0.42548828] [-748.88638176]
starting dispersion ..........
time to diag over MBZ 0.017968416213989258
[0.57451172] [-741.07261913]
starting dispersion ..........
time to diag over MBZ 0.01776742935180664
[-1.42548828] [-317.90056281]
starting dispersion ..........
time to diag over MBZ 0.01789402961730957
[-0.92548828] [-650.86308871]
starting dispersion ..........
time to diag over MBZ 0.017780065536499023
[-0.17548828] [-733.76293146]
starting dispersion ..........
time to diag over MBZ 0.01774001121520996
[-0.55048828] [-743.43451572]
starting dispersion ..........
time to diag over MBZ 0.017657995223999023
[-0.36298828] [-747.73644569]
starting dispersion ..........
time to diag over MBZ 0.017771482467651367
[-0.45673828] [-748.54503455]
starting dispersion ..........
time to diag over MBZ 0.017540454864501953
[-0.40986328] [-748.82037266]
starting dispersion ..........
time to diag over MBZ 0.017719268798828125
[-0.43330078] [-748.86109111]
starting dispersion ..........
time to diag over MBZ 0.01761150360107422
[-0.42158203] [-748.88433958]
starting dispersion ..........
time to diag over MBZ 0.017450571060180664
[-0.42744141] [-748.88374491]
starting dispersion ..........
time to diag over MBZ 0.017694950103759766
[-0.42451172] [-748.88678394]
starting dispersion ..........
time to diag over MBZ 0.01725912094116211
[-0.42353516] [-748.88657685]
starting dispersion ..........
time to diag over MBZ 0.01731562614440918
[-0.42402344] [-748.88675648]
starting dispersion ..........
time to diag over MBZ 0.01741766929626465
[-0.42475586] [-748.88674056]
starting dispersion ..........
time to diag over MBZ 0.017047405242919922
[-0.42441172] [-748.88679071]
starting dispersion ..........
time to diag over MBZ 0.016480684280395508
[-0.42431172] [-748.8867911]
0.07222222222222222 [8.78018343e-01 3.34101883e-04 3.65784861e-03] -748.8867911022433 time for minimization 0.31973934173583984
starting dispersion ..........
time to diag over MBZ 0.011698722839355469
[0, 0, 0] -726.4567430997471
starting dispersion ..........
time to diag over MBZ 0.01328277587890625
0 -726.4567430997471
starting dispersion ..........
time to diag over MBZ 0.01326131820678711
[8.78018343e-01 3.34101883e-04 3.65784861e-03] -924.3351768602779
starting dispersion ..........
time to diag over MBZ 0.013449430465698242
[1.87801834e+00 3.34101883e-04 3.65784861e-03] -424.15340068850537
starting dispersion ..........
time to diag over MBZ 0.013509988784790039
[0.87801834 1.0003341  0.00365785] -924.3342305712054
starting dispersion ..........
time to diag over MBZ 0.013559818267822266
[8.78018343e-01 3.34101883e-04 1.00365785e+00] -924.3351496741618
starting dispersion ..........
time to diag over MBZ 0.013832569122314453
[-0.12198166  0.00033221  0.00365779] -744.0073656702384
starting dispersion ..........
time to diag over MBZ 0.013701200485229492
[3.78018343e-01 3.33155938e-04 3.65782143e-03] -829.0367485594236
starting dispersion ..........
time to diag over MBZ 0.013674497604370117
[1.12801834e+00 3.32860665e-04 3.65781295e-03] -895.3932010478807
starting dispersion ..........
time to diag over MBZ 0.01358652114868164
[ 0.87801772 -0.1246659   0.00365785] -924.3351070654912
starting dispersion ..........
time to diag over MBZ 0.013627290725708008
[6.28018343e-01 3.36548872e-04 3.65778990e-03] -898.1833314119957
starting dispersion ..........
time to diag over MBZ 0.013530969619750977
[ 8.78018325e-01  3.34101883e-04 -1.21342151e-01] -924.3351762989578
starting dispersion ..........
time to diag over MBZ 0.013646125793457031
[6.28018343e-01 3.36548872e-04 3.65789397e-03] -898.183331411995
starting dispersion ..........
time to diag over MBZ 0.013299942016601562
[7.53018343e-01 3.35325377e-04 3.65787129e-03] -917.5712855462866
starting dispersion ..........
time to diag over MBZ 0.013631343841552734
[9.40518343e-01 3.34436499e-04 3.65784488e-03] -922.5863145602574
starting dispersion ..........
time to diag over MBZ 0.013399839401245117
[8.46768343e-01 3.34880608e-04 3.65785808e-03] -923.9009857113122
starting dispersion ..........
time to diag over MBZ 0.013655900955200195
[0.87801873 0.0159591  0.00365785] -924.3351757358994
starting dispersion ..........
time to diag over MBZ 0.013554096221923828
[9.09268343e-01 3.33161308e-04 3.65785425e-03] -923.9022028712411
starting dispersion ..........
time to diag over MBZ 0.01379084587097168
[8.78018348e-01 3.34101883e-04 1.92828486e-02] -924.3351768470857
starting dispersion ..........
time to diag over MBZ 0.013540029525756836
[9.09268343e-01 3.33161308e-04 3.65783724e-03] -923.9022028712411
starting dispersion ..........
time to diag over MBZ 0.013595819473266602
[8.93643343e-01 3.33631595e-04 3.65784292e-03] -924.228096231672
starting dispersion ..........
time to diag over MBZ 0.013478755950927734
[8.70205843e-01 3.34214531e-04 3.65785002e-03] -924.3072855186351
starting dispersion ..........
time to diag over MBZ 0.013430118560791016
[8.81924593e-01 3.33925806e-04 3.65784650e-03] -924.3288120869529
starting dispersion ..........
time to diag over MBZ 0.013283729553222656
[ 0.87801826 -0.00161902  0.00365785] -924.3351768394025
starting dispersion ..........
time to diag over MBZ 0.013576269149780273
[8.74112093e-01 3.34303583e-04 3.65784777e-03] -924.3279906694952
starting dispersion ..........
time to diag over MBZ 0.013681173324584961
[8.78018342e-01 3.34101883e-04 1.70472361e-03] -924.3351768605662
starting dispersion ..........
time to diag over MBZ 0.01341557502746582
[8.74112092e-01 3.34303583e-04 1.70472536e-03] -924.3279906661292
starting dispersion ..........
time to diag over MBZ 0.013576745986938477
[8.79971467e-01 3.34025192e-04 1.70472240e-03] -924.3336903352422
starting dispersion ..........
time to diag over MBZ 0.013525009155273438
[8.77041780e-01 3.34159616e-04 1.70472395e-03] -924.3346494696164
starting dispersion ..........
time to diag over MBZ 0.013373613357543945
[8.78018371e-01 8.22383132e-04 1.70472361e-03] -924.3351768630785
starting dispersion ..........
time to diag over MBZ 0.013577699661254883
[8.78994934e-01 8.22334703e-04 1.70472282e-03] -924.3348572923267
starting dispersion ..........
time to diag over MBZ 0.013511896133422852
[8.77530090e-01 8.22419676e-04 1.70472365e-03] -924.33501901608
starting dispersion ..........
time to diag over MBZ 0.01360464096069336
[8.78018371e-01 8.22383132e-04 1.46058298e-03] -924.3351768632549
starting dispersion ..........
time to diag over MBZ 0.013808965682983398
[8.78506652e-01 8.22362037e-04 1.46058185e-03] -924.3351229760767
starting dispersion ..........
time to diag over MBZ 0.013673543930053711
[8.77774230e-01 8.22408947e-04 1.46058141e-03] -924.3351244026348
starting dispersion ..........
time to diag over MBZ 0.013380050659179688
[0.87801838 0.00094445 0.00146058] -924.3351768644718
starting dispersion ..........
time to diag over MBZ 0.013707160949707031
[0.87826252 0.00094444 0.00146058] -924.3351763887456
starting dispersion ..........
time to diag over MBZ 0.013585329055786133
[0.87791839 0.00094498 0.00146055] -924.3351617779754
starting dispersion ..........
time to diag over MBZ 0.013563394546508789
[0.8780184  0.00094445 0.00141058] -924.3351768664891
starting dispersion ..........
time to diag over MBZ 0.013599634170532227
[0.8781184  0.00094445 0.00141059] -924.3351830708305
starting dispersion ..........
time to diag over MBZ 0.01366281509399414
[0.8782184  0.00094445 0.00141057] -924.3351803938606
starting dispersion ..........
time to diag over MBZ 0.01806950569152832
[-0.42431172] [-749.09078275]
starting dispersion ..........
time to diag over MBZ 0.017748594284057617
[0.57568828] [-740.99046746]
starting dispersion ..........
time to diag over MBZ 0.017838001251220703
[-1.42431172] [-318.98758543]
starting dispersion ..........
time to diag over MBZ 0.017685890197753906
[-0.92431172] [-651.35337517]
starting dispersion ..........
time to diag over MBZ 0.017752885818481445
[-0.17431172] [-735.38722519]
starting dispersion ..........
time to diag over MBZ 0.01775193214416504
[-0.54931172] [-743.5977104]
starting dispersion ..........
time to diag over MBZ 0.017688751220703125
[-0.36181172] [-748.06206784]
starting dispersion ..........
time to diag over MBZ 0.017621517181396484
[-0.45556172] [-748.72009479]
starting dispersion ..........
time to diag over MBZ 0.017729759216308594
[-0.40868672] [-749.04630503]
starting dispersion ..........
time to diag over MBZ 0.0178220272064209
[-0.43212422] [-749.05654835]
starting dispersion ..........
time to diag over MBZ 0.01779651641845703
[-0.42040547] [-749.0936538]
starting dispersion ..........
time to diag over MBZ 0.017875194549560547
[-0.41649922] [-749.08714]
starting dispersion ..........
time to diag over MBZ 0.01747298240661621
[-0.41845234] [-749.09156465]
starting dispersion ..........
time to diag over MBZ 0.018366336822509766
[-0.42138203] [-749.09381921]
starting dispersion ..........
time to diag over MBZ 0.01787114143371582
[-0.42235859] [-749.09339672]
starting dispersion ..........
time to diag over MBZ 0.01801753044128418
[-0.42187031] [-749.09368154]
starting dispersion ..........
time to diag over MBZ 0.01816248893737793
[-0.42113789] [-749.09383292]
starting dispersion ..........
time to diag over MBZ 0.017516136169433594
[-0.42089375] [-749.09380991]
starting dispersion ..........
time to diag over MBZ 0.017467021942138672
[-0.42103789] [-749.09382794]
starting dispersion ..........
time to diag over MBZ 0.0173952579498291
[-0.42123789] [-749.09383175]
0.08777777777777776 [0.8782184  0.00094445 0.00141057] -749.0938317468979 time for minimization 0.36083531379699707
starting dispersion ..........
time to diag over MBZ 0.012386322021484375
[0, 0, 0] -730.3158537701377
starting dispersion ..........
time to diag over MBZ 0.014164209365844727
0 -730.3158537701377
starting dispersion ..........
time to diag over MBZ 0.013264179229736328
[0.8782184  0.00094445 0.00141057] -924.3355291937091
starting dispersion ..........
time to diag over MBZ 0.013219118118286133
[1.87821840e+00 9.44454969e-04 1.41056538e-03] -423.94617260352015
starting dispersion ..........
time to diag over MBZ 0.012848615646362305
[0.8782184  1.00094445 0.00141057] -924.3353885919025
starting dispersion ..........
time to diag over MBZ 0.013215065002441406
[8.78218403e-01 9.44454969e-04 1.00141057e+00] -924.3353125071026
starting dispersion ..........
time to diag over MBZ 0.013203144073486328
[-0.1217816   0.00094417  0.00141013] -746.3734589373953
starting dispersion ..........
time to diag over MBZ 0.012997150421142578
[0.3782184  0.00094431 0.00141035] -829.288152001341
starting dispersion ..........
time to diag over MBZ 0.012981891632080078
[1.12821840e+00 9.44270059e-04 1.41028041e-03] -895.3460020650756
starting dispersion ..........
time to diag over MBZ 0.012979984283447266
[ 0.87821831 -0.12405555  0.00141057] -924.3355189283498
starting dispersion ..........
time to diag over MBZ 0.012948989868164062
[0.6282184  0.00094482 0.0014101 ] -898.2323088762952
starting dispersion ..........
time to diag over MBZ 0.01292729377746582
[ 0.87821826  0.00094445 -0.12358943] -924.3355245629432
starting dispersion ..........
time to diag over MBZ 0.012634992599487305
[0.6282184  0.00094482 0.00141093] -898.2323088762605
starting dispersion ..........
time to diag over MBZ 0.012871742248535156
[0.7532184  0.00094464 0.00141075] -917.594337480138
starting dispersion ..........
time to diag over MBZ 0.013051033020019531
[0.9407184  0.0009445  0.00141054] -922.575168074461
starting dispersion ..........
time to diag over MBZ 0.013101577758789062
[0.8469684  0.00094457 0.00141064] -923.9070121377267
starting dispersion ..........
time to diag over MBZ 0.013027191162109375
[0.87821846 0.01656945 0.00141057] -924.3355290029863
starting dispersion ..........
time to diag over MBZ 0.013135910034179688
[0.9094684  0.00094431 0.00141061] -923.8968349279128
starting dispersion ..........
time to diag over MBZ 0.013275384902954102
[0.87821844 0.00094445 0.01703557] -924.335529102769
starting dispersion ..........
time to diag over MBZ 0.012872934341430664
[0.9094684  0.00094431 0.00141048] -923.8968349279155
starting dispersion ..........
time to diag over MBZ 0.013104915618896484
[0.8938434  0.00094438 0.00141052] -924.2255951188693
starting dispersion ..........
time to diag over MBZ 0.013342618942260742
[0.8704059  0.00094447 0.00141058] -924.3090600692158
starting dispersion ..........
time to diag over MBZ 0.01307058334350586
[0.88212465 0.00094443 0.00141055] -924.328452228669
starting dispersion ..........
time to diag over MBZ 0.01317906379699707
[ 0.87821839 -0.00100867  0.00141057] -924.3355291946971
starting dispersion ..........
time to diag over MBZ 0.013358354568481445
[ 0.87431214 -0.00100864  0.00141056] -924.3290544139122
starting dispersion ..........
time to diag over MBZ 0.013395071029663086
[ 8.78218390e-01 -1.00867003e-03 -5.42559621e-04] -924.3355291951755
starting dispersion ..........
time to diag over MBZ 0.013307809829711914
[ 8.82124640e-01 -1.00869957e-03 -5.42557240e-04] -924.3284522742385
starting dispersion ..........
time to diag over MBZ 0.013010501861572266
[ 8.76265265e-01 -1.00865640e-03 -5.42561364e-04] -924.3339837740193
starting dispersion ..........
time to diag over MBZ 0.013050556182861328
[ 8.79194952e-01 -1.00867774e-03 -5.42559184e-04] -924.3350316815015
starting dispersion ..........
time to diag over MBZ 0.013013124465942383
[ 8.78218386e-01 -1.49695128e-03 -5.42559621e-04] -924.335529195344
starting dispersion ..........
time to diag over MBZ 0.012865066528320312
[ 8.77241823e-01 -1.49694423e-03 -5.42560830e-04] -924.3351797232244
starting dispersion ..........
time to diag over MBZ 0.013120174407958984
[ 8.78706667e-01 -1.49695561e-03 -5.42559585e-04] -924.3353863441198
starting dispersion ..........
time to diag over MBZ 0.013222217559814453
[ 8.78218386e-01 -1.49695128e-03 -7.86700246e-04] -924.3355291950938
starting dispersion ..........
time to diag over MBZ 0.013221025466918945
[ 8.77730105e-01 -1.49694800e-03 -5.42557947e-04] -924.3354603009391
starting dispersion ..........
time to diag over MBZ 0.013063430786132812
[ 8.77974245e-01 -1.49694964e-03 -5.42558784e-04] -924.3355212124518
starting dispersion ..........
time to diag over MBZ 0.012969970703125
[ 8.78318386e-01 -1.49695313e-03 -5.42556481e-04] -924.3355171835749
starting dispersion ..........
time to diag over MBZ 0.013189554214477539
[ 8.78218385e-01 -1.54695128e-03 -5.42559621e-04] -924.3355291953987
starting dispersion ..........
time to diag over MBZ 0.013227224349975586
[ 8.78118385e-01 -1.54695035e-03 -5.42558775e-04] -924.3355323258304
starting dispersion ..........
time to diag over MBZ 0.013216495513916016
[ 8.78018385e-01 -1.54695200e-03 -5.42555510e-04] -924.3355265755415
starting dispersion ..........
time to diag over MBZ 0.013420820236206055
[ 8.78118385e-01 -1.54695035e-03 -4.92558775e-04] -924.3355323258781
starting dispersion ..........
time to diag over MBZ 0.01337432861328125
[ 8.78018385e-01 -1.54695200e-03 -4.92554879e-04] -924.335526575627
starting dispersion ..........
time to diag over MBZ 0.017526626586914062
[-0.42123789] [-749.55195479]
starting dispersion ..........
time to diag over MBZ 0.017462968826293945
[0.57876211] [-740.77967788]
starting dispersion ..........
time to diag over MBZ 0.017627954483032227
[-1.42123789] [-321.8205949]
starting dispersion ..........
time to diag over MBZ 0.017494916915893555
[-0.92123789] [-652.63159933]
starting dispersion ..........
time to diag over MBZ 0.01758265495300293
[-0.17123789] [-737.56379806]
starting dispersion ..........
time to diag over MBZ 0.017652273178100586
[-0.54623789] [-744.03477204]
starting dispersion ..........
time to diag over MBZ 0.0172879695892334
[-0.35873789] [-748.69112081]
starting dispersion ..........
time to diag over MBZ 0.017535924911499023
[-0.45248789] [-749.1432007]
starting dispersion ..........
time to diag over MBZ 0.01741337776184082
[-0.40561289] [-749.53700243]
starting dispersion ..........
time to diag over MBZ 0.017285585403442383
[-0.42905039] [-749.50569709]
starting dispersion ..........
time to diag over MBZ 0.017446517944335938
[-0.41733164] [-749.56150737]
starting dispersion ..........
time to diag over MBZ 0.017490863800048828
[-0.41342539] [-749.56213491]
starting dispersion ..........
time to diag over MBZ 0.017587900161743164
[-0.41147227] [-749.55913187]
starting dispersion ..........
time to diag over MBZ 0.017577648162841797
[-0.41440195] [-749.56280951]
starting dispersion ..........
time to diag over MBZ 0.017250776290893555
[-0.41537852] [-749.56293079]
starting dispersion ..........
time to diag over MBZ 0.017380714416503906
[-0.41635508] [-749.56249724]
starting dispersion ..........
time to diag over MBZ 0.01754903793334961
[-0.41489023] [-749.5629394]
starting dispersion ..........
time to diag over MBZ 0.017446041107177734
[-0.41464609] [-749.56289176]
starting dispersion ..........
time to diag over MBZ 0.017403841018676758
[-0.41499023] [-749.56294892]
starting dispersion ..........
time to diag over MBZ 0.017510414123535156
[-0.41509023] [-749.56295263]
starting dispersion ..........
time to diag over MBZ 0.017365217208862305
[-0.41519023] [-749.56295053]
0.10333333333333332 [ 8.78018385e-01 -1.54695200e-03 -4.92554879e-04] -749.562950529316 time for minimization 0.3712940216064453
starting dispersion ..........
time to diag over MBZ 0.012272119522094727
[0, 0, 0] -734.6579780168321
starting dispersion ..........
time to diag over MBZ 0.014048576354980469
0 -734.6579780168322
starting dispersion ..........
time to diag over MBZ 0.013104677200317383
[ 8.78018385e-01 -1.54695200e-03 -4.92554879e-04] -924.33740047383
starting dispersion ..........
time to diag over MBZ 0.01300048828125
[ 1.87801839e+00 -1.54695200e-03 -4.92554879e-04] -424.15335702103584
starting dispersion ..........
time to diag over MBZ 0.013250589370727539
[ 8.78018385e-01  9.98453048e-01 -4.92554879e-04] -924.3373832625623
starting dispersion ..........
time to diag over MBZ 0.013255596160888672
[ 0.87801839 -0.00154695  0.99950745] -924.3368209275877
starting dispersion ..........
time to diag over MBZ 0.01317906379699707
[-0.12198161 -0.00154699 -0.00049371] -749.4645961021498
starting dispersion ..........
time to diag over MBZ 0.013228654861450195
[ 0.37801839 -0.00154697 -0.00049313] -829.5993779517105
starting dispersion ..........
time to diag over MBZ 0.013170242309570312
[ 1.12801839e+00 -1.54697471e-03 -4.93319549e-04] -895.3933162882344
starting dispersion ..........
time to diag over MBZ 0.013233423233032227
[ 8.78018374e-01 -1.26546952e-01 -4.92554879e-04] -924.3373991715871
starting dispersion ..........
time to diag over MBZ 0.01305532455444336
[ 6.28018385e-01 -1.54690680e-03 -4.93806314e-04] -898.220947990927
starting dispersion ..........
time to diag over MBZ 0.013332605361938477
[ 0.878018   -0.00154695 -0.12549255] -924.3373876126227
starting dispersion ..........
time to diag over MBZ 0.013301372528076172
[ 6.28018385e-01 -1.54690680e-03 -4.91568036e-04] -898.22094799069
starting dispersion ..........
time to diag over MBZ 0.013104438781738281
[ 7.53018385e-01 -1.54692940e-03 -4.92061458e-04] -917.580515480134
starting dispersion ..........
time to diag over MBZ 0.013199806213378906
[ 9.40518385e-01 -1.54694564e-03 -4.92627083e-04] -922.58739881551
starting dispersion ..........
time to diag over MBZ 0.01339268684387207
[ 8.46768385e-01 -1.54693754e-03 -4.92344463e-04] -923.9041644291533
starting dispersion ..........
time to diag over MBZ 0.013370990753173828
[ 8.78018393e-01  1.40780480e-02 -4.92554879e-04] -924.3374004581631
starting dispersion ..........
time to diag over MBZ 0.013197898864746094
[ 9.09268385e-01 -1.54696873e-03 -4.92418538e-04] -923.903756629968
starting dispersion ..........
time to diag over MBZ 0.013210535049438477
[ 0.87801849 -0.00154695  0.01513245] -924.3374002950202
starting dispersion ..........
time to diag over MBZ 0.01333308219909668
[ 9.09268385e-01 -1.54696873e-03 -4.92791091e-04] -923.9037566299844
starting dispersion ..........
time to diag over MBZ 0.01326608657836914
[ 8.93643385e-01 -1.54696037e-03 -4.92672985e-04] -924.2299552609866
starting dispersion ..........
time to diag over MBZ 0.013126134872436523
[ 8.70205885e-01 -1.54694953e-03 -4.92515277e-04] -924.3097171648378
starting dispersion ..........
time to diag over MBZ 0.013396978378295898
[ 8.81924635e-01 -1.54695492e-03 -4.92593797e-04] -924.3309384019744
starting dispersion ..........
time to diag over MBZ 0.01334524154663086
[ 8.78018384e-01 -3.50007700e-03 -4.92554879e-04] -924.3374004728937
starting dispersion ..........
time to diag over MBZ 0.013356924057006836
[ 8.74112135e-01 -1.54694796e-03 -4.92555599e-04] -924.3303159937902
starting dispersion ..........
time to diag over MBZ 0.013182878494262695
[ 0.87801837 -0.00154695 -0.00244568] -924.3374004675532
starting dispersion ..........
time to diag over MBZ 0.013410806655883789
[ 8.74112135e-01 -1.54694796e-03 -4.92508373e-04] -924.3303159937914
starting dispersion ..........
time to diag over MBZ 0.013437032699584961
[ 8.76065260e-01 -1.54694998e-03 -4.92531626e-04] -924.335549547086
starting dispersion ..........
time to diag over MBZ 0.013075590133666992
[ 8.78994948e-01 -1.54695224e-03 -4.92561297e-04] -924.3370561965082
starting dispersion ..........
time to diag over MBZ 0.013209342956542969
[ 8.77530104e-01 -1.54695098e-03 -4.92545563e-04] -924.3372550833276
starting dispersion ..........
time to diag over MBZ 0.013412952423095703
[ 8.78018386e-01 -1.30281138e-03 -4.92554879e-04] -924.3374004739294
starting dispersion ..........
time to diag over MBZ 0.013283491134643555
[ 8.78506667e-01 -1.30281174e-03 -4.92554474e-04] -924.337334198957
starting dispersion ..........
time to diag over MBZ 0.013293743133544922
[ 8.78018386e-01 -1.30281138e-03 -2.48414254e-04] -924.3374004740183
starting dispersion ..........
time to diag over MBZ 0.01325368881225586
[ 8.77530105e-01 -1.30280889e-03 -2.48413350e-04] -924.3372550836502
starting dispersion ..........
time to diag over MBZ 0.013202428817749023
[ 8.78262526e-01 -1.30281156e-03 -2.48413753e-04] -924.3373937986446
starting dispersion ..........
time to diag over MBZ 0.013097286224365234
[ 8.77918386e-01 -1.30280968e-03 -2.48413005e-04] -924.3373879316032
starting dispersion ..........
time to diag over MBZ 0.013220787048339844
[ 8.78018387e-01 -1.25281138e-03 -2.48414254e-04] -924.3374004740897
starting dispersion ..........
time to diag over MBZ 0.013019084930419922
[ 8.78118387e-01 -1.25281194e-03 -2.48413881e-04] -924.337404138545
starting dispersion ..........
time to diag over MBZ 0.013275623321533203
[ 8.78218387e-01 -1.25280974e-03 -2.48412804e-04] -924.3373989245779
starting dispersion ..........
time to diag over MBZ 0.013376235961914062
[ 8.78118386e-01 -1.25281194e-03 -1.98413881e-04] -924.3374041385584
starting dispersion ..........
time to diag over MBZ 0.013010263442993164
[ 8.78218386e-01 -1.25280974e-03 -1.98412775e-04] -924.3373989246079
starting dispersion ..........
time to diag over MBZ 0.01732492446899414
[-0.41519023] [-750.39607053]
starting dispersion ..........
time to diag over MBZ 0.01734328269958496
[0.58480977] [-740.35204931]
starting dispersion ..........
time to diag over MBZ 0.01720118522644043
[-1.41519023] [-327.36548381]
starting dispersion ..........
time to diag over MBZ 0.017594337463378906
[-0.91519023] [-655.13137093]
starting dispersion ..........
time to diag over MBZ 0.017624616622924805
[-0.16519023] [-740.26950563]
starting dispersion ..........
time to diag over MBZ 0.017273664474487305
[-0.54019023] [-744.9160845]
starting dispersion ..........
time to diag over MBZ 0.01737666130065918
[-0.35269023] [-749.72535359]
starting dispersion ..........
time to diag over MBZ 0.01735663414001465
[-0.44644023] [-749.95107814]
starting dispersion ..........
time to diag over MBZ 0.0173494815826416
[-0.39956523] [-750.41310325]
starting dispersion ..........
time to diag over MBZ 0.017467260360717773
[-0.39175273] [-750.37315876]
starting dispersion ..........
time to diag over MBZ 0.01744222640991211
[-0.40347148] [-750.42112279]
starting dispersion ..........
time to diag over MBZ 0.017145395278930664
[-0.40737773] [-750.42102827]
starting dispersion ..........
time to diag over MBZ 0.017244577407836914
[-0.40542461] [-750.42209652]
starting dispersion ..........
time to diag over MBZ 0.017156124114990234
[-0.40737773] [-750.42102827]
starting dispersion ..........
time to diag over MBZ 0.017377376556396484
[-0.40640117] [-750.42181848]
starting dispersion ..........
time to diag over MBZ 0.017351388931274414
[-0.40493633] [-750.422044]
starting dispersion ..........
time to diag over MBZ 0.01727008819580078
[-0.40566875] [-750.42207493]
starting dispersion ..........
time to diag over MBZ 0.017171859741210938
[-0.40532461] [-750.42209615]
starting dispersion ..........
time to diag over MBZ 0.017287015914916992
[-0.40552461] [-750.42209154]
0.11888888888888886 [ 8.78218386e-01 -1.25280974e-03 -1.98412775e-04] -750.422091538564 time for minimization 0.33301353454589844
starting dispersion ..........
time to diag over MBZ 0.012125730514526367
[0, 0, 0] -739.4576385527049
starting dispersion ..........
time to diag over MBZ 0.013805150985717773
0 -739.4576385527049
starting dispersion ..........
time to diag over MBZ 0.013174057006835938
[ 8.78218386e-01 -1.25280974e-03 -1.98412775e-04] -924.3440986121411
starting dispersion ..........
time to diag over MBZ 0.013306140899658203
[ 1.87821839e+00 -1.25280974e-03 -1.98412775e-04] -423.9461895739355
starting dispersion ..........
time to diag over MBZ 0.012959718704223633
[ 8.78218386e-01  9.98747190e-01 -1.98412775e-04] -924.3440958220049
starting dispersion ..........
time to diag over MBZ 0.012978553771972656
[ 0.87821839 -0.00125281  0.99980159] -924.3437185259193
starting dispersion ..........
time to diag over MBZ 0.013075113296508789
[-0.12178161 -0.00125282 -0.00019917] -753.0558361078871
starting dispersion ..........
time to diag over MBZ 0.0130157470703125
[ 3.78218386e-01 -1.25281253e-03 -1.98792559e-04] -830.3117599980977
starting dispersion ..........
time to diag over MBZ 0.013039350509643555
[ 1.12821839e+00 -1.25281345e-03 -1.98918035e-04] -895.346695052563
starting dispersion ..........
time to diag over MBZ 0.013183355331420898
[ 8.78218385e-01 -1.26252810e-01 -1.98412775e-04] -924.3440984023175
starting dispersion ..........
time to diag over MBZ 0.013254642486572266
[ 6.28218386e-01 -1.25280241e-03 -1.99232000e-04] -898.3327046900896
starting dispersion ..........
time to diag over MBZ 0.01327657699584961
[ 0.87821813 -0.00125281 -0.12519841] -924.3440902806583
starting dispersion ..........
time to diag over MBZ 0.012819528579711914
[ 6.28218386e-01 -1.25280241e-03 -1.97763856e-04] -898.3327046899898
starting dispersion ..........
time to diag over MBZ 0.013152837753295898
[ 7.53218386e-01 -1.25280608e-03 -1.98088316e-04] -917.6239752125996
starting dispersion ..........
time to diag over MBZ 0.01313018798828125
[ 9.40718386e-01 -1.25280872e-03 -1.98461604e-04] -922.5797508204255
starting dispersion ..........
time to diag over MBZ 0.01272273063659668
[ 8.46968386e-01 -1.25280742e-03 -1.98275835e-04] -923.918716127486
starting dispersion ..........
time to diag over MBZ 0.01289510726928711
[ 8.78218388e-01  1.43721903e-02 -1.98412775e-04] -924.3440986091939
starting dispersion ..........
time to diag over MBZ 0.012938499450683594
[ 9.09468386e-01 -1.25281250e-03 -1.98322918e-04] -923.9031039755214
starting dispersion ..........
time to diag over MBZ 0.012994050979614258
[ 0.87821845 -0.00125281  0.01542659] -924.3440984733465
starting dispersion ..........
time to diag over MBZ 0.013018608093261719
[ 9.09468386e-01 -1.25281250e-03 -1.98570109e-04] -923.9031039755291
starting dispersion ..........
time to diag over MBZ 0.013227462768554688
[ 8.93843386e-01 -1.25281112e-03 -1.98491442e-04] -924.2329253857515
starting dispersion ..........
time to diag over MBZ 0.013380289077758789
[ 8.70405886e-01 -1.25280937e-03 -1.98388294e-04] -924.3183248048792
starting dispersion ..........
time to diag over MBZ 0.013007164001464844
[ 8.82124636e-01 -1.25281026e-03 -1.98440411e-04] -924.336693645168
starting dispersion ..........
time to diag over MBZ 0.012969970703125
[ 8.78218386e-01 -3.20593474e-03 -1.98412775e-04] -924.3440986120652
starting dispersion ..........
time to diag over MBZ 0.012931108474731445
[ 8.74312136e-01 -1.25280915e-03 -1.98413962e-04] -924.3379648189373
starting dispersion ..........
time to diag over MBZ 0.012910842895507812
[ 0.87821837 -0.00125281 -0.00215154] -924.3440986119058
starting dispersion ..........
time to diag over MBZ 0.012910127639770508
[ 8.74312136e-01 -1.25280915e-03 -1.98384892e-04] -924.3379648189375
starting dispersion ..........
time to diag over MBZ 0.012675762176513672
[ 8.76265261e-01 -1.25280945e-03 -1.98398834e-04] -924.3427220341189
starting dispersion ..........
time to diag over MBZ 0.013053417205810547
[ 8.79194949e-01 -1.25280982e-03 -1.98419517e-04] -924.3435178934337
starting dispersion ..........
time to diag over MBZ 0.013128995895385742
[ 8.77730105e-01 -1.25280965e-03 -1.98409222e-04] -924.3440716246043
starting dispersion ..........
time to diag over MBZ 0.012719154357910156
[ 8.78218386e-01 -1.00866912e-03 -1.98412775e-04] -924.3440986121409
starting dispersion ..........
time to diag over MBZ 0.012805938720703125
[ 8.78706668e-01 -1.25280985e-03 -1.98415165e-04] -924.3439140561554
starting dispersion ..........
time to diag over MBZ 0.012806415557861328
[ 8.78218388e-01 -1.25280974e-03  4.57278496e-05] -924.3440986118744
starting dispersion ..........
time to diag over MBZ 0.01281428337097168
[ 8.78706668e-01 -1.25280985e-03 -1.98425980e-04] -924.3439140561552
starting dispersion ..........
time to diag over MBZ 0.0130615234375
[ 8.78462527e-01 -1.25280979e-03 -1.98419378e-04] -924.344032781041
starting dispersion ..........
time to diag over MBZ 0.013475418090820312
[ 8.78118386e-01 -1.25280972e-03 -1.98412453e-04] -924.3441103086925
starting dispersion ..........
time to diag over MBZ 0.01361989974975586
[ 8.78018386e-01 -1.25280970e-03 -1.98412659e-04] -924.3441131330087
starting dispersion ..........
time to diag over MBZ 0.013641119003295898
[ 8.77970226e-01 -1.31477884e-03 -2.60383315e-04] -924.3441113279519
starting dispersion ..........
time to diag over MBZ 0.013593435287475586
[ 8.78018386e-01 -1.28816545e-03 -1.63057723e-04] -924.3441131330135
starting dispersion ..........
time to diag over MBZ 0.013791084289550781
[ 8.77956786e-01 -1.23246430e-03 -1.07355152e-04] -924.3441104570463
starting dispersion ..........
time to diag over MBZ 0.01787853240966797
[-0.40552461] [-751.74752891]
starting dispersion ..........
time to diag over MBZ 0.017929553985595703
[0.59447539] [-739.62037245]
starting dispersion ..........
time to diag over MBZ 0.01781773567199707
[-1.40552461] [-336.14838288]
starting dispersion ..........
time to diag over MBZ 0.017860889434814453
[-0.90552461] [-659.08265744]
starting dispersion ..........
time to diag over MBZ 0.01780533790588379
[-0.15552461] [-743.53662831]
starting dispersion ..........
time to diag over MBZ 0.017849206924438477
[-0.53052461] [-746.37532061]
starting dispersion ..........
time to diag over MBZ 0.017923355102539062
[-0.34302461] [-751.27726538]
starting dispersion ..........
time to diag over MBZ 0.01785445213317871
[-0.43677461] [-751.27143802]
starting dispersion ..........
time to diag over MBZ 0.017781972885131836
[-0.38989961] [-751.79679071]
starting dispersion ..........
time to diag over MBZ 0.017302751541137695
[-0.37427461] [-751.72969152]
starting dispersion ..........
time to diag over MBZ 0.01727604866027832
[-0.38208711] [-751.77731983]
starting dispersion ..........
time to diag over MBZ 0.017322301864624023
[-0.39380586] [-751.7956727]
starting dispersion ..........
time to diag over MBZ 0.017275333404541016
[-0.38794648] [-751.79461453]
starting dispersion ..........
time to diag over MBZ 0.017316341400146484
[-0.39087617] [-751.79719771]
starting dispersion ..........
time to diag over MBZ 0.017240285873413086
[-0.39185273] [-751.79714825]
starting dispersion ..........
time to diag over MBZ 0.017206192016601562
[-0.39136445] [-751.79723015]
starting dispersion ..........
time to diag over MBZ 0.017177343368530273
[-0.39185273] [-751.79714825]
starting dispersion ..........
time to diag over MBZ 0.017167091369628906
[-0.39160859] [-751.79720351]
starting dispersion ..........
time to diag over MBZ 0.017188072204589844
[-0.39126445] [-751.79723281]
starting dispersion ..........
time to diag over MBZ 0.01716899871826172
[-0.39116445] [-751.79723068]
0.13444444444444442 [ 8.77956786e-01 -1.23246430e-03 -1.07355152e-04] -751.797230677654 time for minimization 0.3562154769897461
starting dispersion ..........
time to diag over MBZ 0.012049198150634766
[0, 0, 0] -744.6953830151206
starting dispersion ..........
time to diag over MBZ 0.013740301132202148
0 -744.6953830151206
starting dispersion ..........
time to diag over MBZ 0.013057470321655273
[ 8.77956786e-01 -1.23246430e-03 -1.07355152e-04] -924.3623580501885
starting dispersion ..........
time to diag over MBZ 0.013092041015625
[ 1.87795679e+00 -1.23246430e-03 -1.07355152e-04] -424.2171576572746
starting dispersion ..........
time to diag over MBZ 0.013101339340209961
[ 8.77956786e-01  9.98767536e-01 -1.07355152e-04] -924.3623572351194
starting dispersion ..........
time to diag over MBZ 0.013103246688842773
[ 0.87795679 -0.00123246  0.99989264] -924.3619909457325
starting dispersion ..........
time to diag over MBZ 0.013066768646240234
[-1.22043214e-01 -1.23246593e-03 -1.08089148e-04] -757.2989302857242
starting dispersion ..........
time to diag over MBZ 0.013107776641845703
[ 3.77956786e-01 -1.23246511e-03 -1.07722150e-04] -831.2111501887385
starting dispersion ..........
time to diag over MBZ 0.013075590133666992
[ 1.12795679e+00 -1.23246539e-03 -1.07847771e-04] -895.4105238128749
starting dispersion ..........
time to diag over MBZ 0.013088226318359375
[ 8.77956785e-01 -1.26232464e-01 -1.07355152e-04] -924.3623579888697
starting dispersion ..........
time to diag over MBZ 0.013047218322753906
[ 6.27956786e-01 -1.23246215e-03 -1.08147642e-04] -898.4260654887804
starting dispersion ..........
time to diag over MBZ 0.013046026229858398
[ 0.87795654 -0.00123246 -0.12510736] -924.3623499973548
starting dispersion ..........
time to diag over MBZ 0.013071060180664062
[ 6.27956786e-01 -1.23246215e-03 -1.06723460e-04] -898.4260654886891
starting dispersion ..........
time to diag over MBZ 0.013114213943481445
[ 7.52956786e-01 -1.23246322e-03 -1.07039306e-04] -917.6485042293932
starting dispersion ..........
time to diag over MBZ 0.013095855712890625
[ 9.40456786e-01 -1.23246400e-03 -1.07403342e-04] -922.605226262432
starting dispersion ..........
time to diag over MBZ 0.01313471794128418
[ 8.46706786e-01 -1.23246362e-03 -1.07221966e-04] -923.9353389392425
starting dispersion ..........
time to diag over MBZ 0.013084888458251953
[ 8.77956786e-01  1.43925357e-02 -1.07355152e-04] -924.3623580493511
starting dispersion ..........
time to diag over MBZ 0.013117074966430664
[ 9.09206786e-01 -1.23246510e-03 -1.07269399e-04] -923.9244135982804
starting dispersion ..........
time to diag over MBZ 0.013097047805786133
[ 0.87795685 -0.00123246  0.01551764] -924.3623579197122
starting dispersion ..........
time to diag over MBZ 0.013124227523803711
[ 9.09206786e-01 -1.23246510e-03 -1.07507435e-04] -923.9244135982872
starting dispersion ..........
time to diag over MBZ 0.013096094131469727
[ 8.93581786e-01 -1.23246470e-03 -1.07431293e-04] -924.2525535347213
starting dispersion ..........
time to diag over MBZ 0.01311635971069336
[ 8.70144286e-01 -1.23246419e-03 -1.07331139e-04] -924.3360292827417
starting dispersion ..........
time to diag over MBZ 0.01308441162109375
[ 8.81863036e-01 -1.23246445e-03 -1.07381479e-04] -924.3552638689589
starting dispersion ..........
time to diag over MBZ 0.013129234313964844
[ 8.77956786e-01 -3.18558930e-03 -1.07355152e-04] -924.362358050161
starting dispersion ..........
time to diag over MBZ 0.013105630874633789
[ 8.74050536e-01 -1.23246412e-03 -1.07356465e-04] -924.3559354542451
starting dispersion ..........
time to diag over MBZ 0.013047218322753906
[ 0.87795677 -0.00123246 -0.00206048] -924.3623580491062
starting dispersion ..........
time to diag over MBZ 0.013051986694335938
[ 8.74050536e-01 -1.23246412e-03 -1.07327633e-04] -924.3559354542454
starting dispersion ..........
time to diag over MBZ 0.013055086135864258
[ 8.76003661e-01 -1.23246421e-03 -1.07341392e-04] -924.3608342819973
starting dispersion ..........
time to diag over MBZ 0.01305532455444336
[ 8.78933348e-01 -1.23246432e-03 -1.07361040e-04] -924.3618529924431
starting dispersion ..........
time to diag over MBZ 0.013020992279052734
[ 8.77468505e-01 -1.23246427e-03 -1.07351338e-04] -924.3622937467242
starting dispersion ..........
time to diag over MBZ 0.013002634048461914
[ 8.77956786e-01 -9.88323675e-04 -1.07355152e-04] -924.3623580501894
starting dispersion ..........
time to diag over MBZ 0.012974262237548828
[ 8.78445067e-01 -9.88323693e-04 -1.07356388e-04] -924.3622111535838
starting dispersion ..........
time to diag over MBZ 0.012986421585083008
[ 8.77956787e-01 -9.88323675e-04  1.36785473e-04] -924.3623580501346
starting dispersion ..........
time to diag over MBZ 0.012979269027709961
[ 8.77468505e-01 -9.88323637e-04 -1.07354280e-04] -924.3622937467317
starting dispersion ..........
time to diag over MBZ 0.013033628463745117
[ 8.77712645e-01 -9.88323656e-04 -1.07354716e-04] -924.3623522944351
starting dispersion ..........
time to diag over MBZ 0.013028621673583984
[ 8.78056786e-01 -9.88323665e-04 -1.07356357e-04] -924.3623451655747
starting dispersion ..........
time to diag over MBZ 0.013038158416748047
[ 8.77956786e-01 -9.38323675e-04 -1.07355152e-04] -924.3623580501903
starting dispersion ..........
time to diag over MBZ 0.013024330139160156
[ 8.77856786e-01 -9.38323670e-04 -1.07355073e-04] -924.3623620764317
starting dispersion ..........
time to diag over MBZ 0.012984752655029297
[ 8.77756786e-01 -9.38323634e-04 -1.07355377e-04] -924.3623572448544
starting dispersion ..........
time to diag over MBZ 0.013075590133666992
[ 8.77856786e-01 -9.38323670e-04 -1.57355073e-04] -924.3623620764274
starting dispersion ..........
time to diag over MBZ 0.013037443161010742
[ 8.77756786e-01 -9.38323634e-04 -1.07354779e-04] -924.3623572448544
starting dispersion ..........
time to diag over MBZ 0.017049074172973633
[-0.39116445] [-753.72786856]
starting dispersion ..........
time to diag over MBZ 0.01708364486694336
[0.60883555] [-738.36033962]
starting dispersion ..........
time to diag over MBZ 0.017032861709594727
[-1.39116445] [-349.018532]
starting dispersion ..........
time to diag over MBZ 0.017030954360961914
[-0.89116445] [-664.84454029]
starting dispersion ..........
time to diag over MBZ 0.017170429229736328
[-0.14116445] [-747.3957593]
starting dispersion ..........
time to diag over MBZ 0.017129898071289062
[-0.51616445] [-748.57106883]
starting dispersion ..........
time to diag over MBZ 0.0171968936920166
[-0.32866445] [-753.44721991]
starting dispersion ..........
time to diag over MBZ 0.017121553421020508
[-0.42241445] [-753.23529723]
starting dispersion ..........
time to diag over MBZ 0.01715397834777832
[-0.37553945] [-753.80462854]
starting dispersion ..........
time to diag over MBZ 0.017053604125976562
[-0.35991445] [-753.77820517]
starting dispersion ..........
time to diag over MBZ 0.017109155654907227
[-0.36772695] [-753.80383628]
starting dispersion ..........
time to diag over MBZ 0.01711106300354004
[-0.3794457] [-753.7954087]
starting dispersion ..........
time to diag over MBZ 0.017142057418823242
[-0.37358633] [-753.80681207]
starting dispersion ..........
time to diag over MBZ 0.01709127426147461
[-0.3716332] [-753.80739786]
starting dispersion ..........
time to diag over MBZ 0.017134666442871094
[-0.36968008] [-753.80640091]
starting dispersion ..........
time to diag over MBZ 0.01711893081665039
[-0.37065664] [-753.80709629]
starting dispersion ..........
time to diag over MBZ 0.017200946807861328
[-0.37212148] [-753.80740038]
starting dispersion ..........
time to diag over MBZ 0.017191410064697266
[-0.37236562] [-753.80736447]
starting dispersion ..........
time to diag over MBZ 0.017220258712768555
[-0.37202148] [-753.80740793]
starting dispersion ..........
time to diag over MBZ 0.017171382904052734
[-0.37192148] [-753.80741132]
starting dispersion ..........
time to diag over MBZ 0.017197132110595703
[-0.37182148] [-753.80741056]
0.15 [ 8.77756786e-01 -9.38323634e-04 -1.07354779e-04] -753.8074105629527 time for minimization 0.3639183044433594
9.81user 0.09system 0:09.93elapsed 99%CPU (0avgtext+0avgdata 174108maxresident)k
0inputs+352outputs (2major+45362minor)pagefaults 0swaps
