441 441
the shape of the energy array for High symmetry cut is (600, 2)
inotify_add_watch("/home/juan/.config/ibus/bus/34686138ab824158b83de820ac2b3ae7-unix-0") failed: "No space left on device"
starting dispersion ..........
time to diag over MBZ 0.013663768768310547
[0.0, 0, 0] -935.1623487856932
free energy metal 
 -935.1623487856932
the shape of the energy array for High symmetry cut is (600, 4)
starting dispersion ..........
time to diag over MBZ 0.012342453002929688
[0.0, 0, 0] -892.732363906388
free energy psp 
 -892.732363906388
the shape of the energy array for High symmetry cut is (600, 4)
starting dispersion ..........
time to diag over MBZ 0.01371002197265625
0.0 -936.1052698323346
free energy AFM 
 -936.1052698323346
starting dispersion ..........
time to diag over MBZ 0.012128353118896484
[0, 0, 0] -877.1486795507759
starting dispersion ..........
time to diag over MBZ 0.013671636581420898
0 -910.8857426075539
starting dispersion ..........
time to diag over MBZ 0.013106107711791992
[0.2 0.  0. ] -909.3681730454371
starting dispersion ..........
time to diag over MBZ 0.012880325317382812
[1.2 0.  0. ] -949.3421706028877
starting dispersion ..........
time to diag over MBZ 0.013297319412231445
[1.2 1.  0. ] -949.3421706028877
starting dispersion ..........
time to diag over MBZ 0.013489484786987305
[1.2 0.  1. ] -949.3421706028877
starting dispersion ..........
time to diag over MBZ 0.01505136489868164
[2.2 0.  0. ] -78.88951453508662
starting dispersion ..........
time to diag over MBZ 0.013710975646972656
[1.7 0.  0. ] -648.1557563508636
starting dispersion ..........
time to diag over MBZ 0.013586044311523438
[0.95 0.   0.  ] -1006.9537836653798
starting dispersion ..........
time to diag over MBZ 0.01363229751586914
[0.7 0.  0. ] -1010.4010939184591
starting dispersion ..........
time to diag over MBZ 0.01369333267211914
[ 0.7   -0.125  0.   ] -1010.4010939184591
starting dispersion ..........
time to diag over MBZ 0.013675212860107422
[ 0.63832193  0.         -0.24227219] -1004.052198065349
starting dispersion ..........
time to diag over MBZ 0.013577699661254883
[0.59476944 0.         0.22677418] -998.0899207154321
starting dispersion ..........
time to diag over MBZ 0.01361083984375
[0.64738472 0.         0.11338709] -1005.1433353233504
starting dispersion ..........
time to diag over MBZ 0.013568401336669922
[7.62499251e-01 0.00000000e+00 3.05977660e-04] -1014.1192116798743
starting dispersion ..........
time to diag over MBZ 0.013788461685180664
[ 0.82212499  0.         -0.01842959] -1014.9301694588762
starting dispersion ..........
time to diag over MBZ 0.013790607452392578
[0.84577506 0.         0.03942302] -1014.4759988345486
starting dispersion ..........
time to diag over MBZ 0.013826370239257812
[ 0.82212499  0.03125    -0.01842959] -1014.9300816398643
starting dispersion ..........
time to diag over MBZ 0.013702392578125
[ 8.62048922e-01 -1.13711078e-05 -6.65162730e-02] -1013.900197187766
starting dispersion ..........
time to diag over MBZ 0.013860702514648438
[ 8.42086955e-01 -5.68555390e-06 -4.24729292e-02] -1014.5764982796395
starting dispersion ..........
time to diag over MBZ 0.013640403747558594
[ 8.06503895e-01 -2.41098685e-06 -1.87789338e-02] -1014.9853351839927
starting dispersion ..........
time to diag over MBZ 0.01376795768737793
[ 8.01637159e-01 -6.01949478e-06 -3.93119028e-03] -1014.9632340803139
starting dispersion ..........
time to diag over MBZ 0.013803720474243164
[ 0.80650513 -0.00781491 -0.01878043] -1014.9853329205935
starting dispersion ..........
time to diag over MBZ 0.013796806335449219
[ 7.94042308e-01 -1.54717698e-06 -2.82049330e-02] -1014.8917649495181
starting dispersion ..........
time to diag over MBZ 0.01381063461303711
[ 8.00273102e-01 -1.97908191e-06 -2.34919334e-02] -1014.9537124629844
starting dispersion ..........
time to diag over MBZ 0.01378011703491211
[ 8.05301391e-01 -3.21991497e-06 -1.50623801e-02] -1014.9816018024353
starting dispersion ..........
time to diag over MBZ 0.01364898681640625
[ 8.10387033e-01 -1.63613986e-06 -1.83546334e-02] -1014.9896282566481
starting dispersion ..........
time to diag over MBZ 0.013812541961669922
[ 8.13835323e-01  1.12496906e-07 -2.01898662e-02] -1014.9834777090994
starting dispersion ..........
time to diag over MBZ 0.01348567008972168
[ 0.81038654  0.00195149 -0.0183537 ] -1014.9896281329725
starting dispersion ..........
time to diag over MBZ 0.013515233993530273
[ 8.10914189e-01 -3.41348142e-06 -1.44841176e-02] -1014.9892956383087
starting dispersion ..........
time to diag over MBZ 0.013585805892944336
[ 8.12297644e-01 -1.06737559e-06 -1.87599250e-02] -1014.9873801675628
starting dispersion ..........
time to diag over MBZ 0.01360940933227539
[ 8.10432322e-01 -2.10114163e-06 -1.73791217e-02] -1014.9896082836556
starting dispersion ..........
time to diag over MBZ 0.013674736022949219
[ 8.09410879e-01 -1.94845195e-06 -1.83264049e-02] -1014.9896658714476
starting dispersion ..........
time to diag over MBZ 0.013453245162963867
[ 8.08970266e-01 -2.67262031e-06 -1.85368302e-02] -1014.9894369854021
starting dispersion ..........
time to diag over MBZ 0.013604402542114258
[ 8.09410975e-01 -2.46088224e-04 -1.83257669e-02] -1014.9896658996029
starting dispersion ..........
time to diag over MBZ 0.013638734817504883
[ 8.09408017e-01 -2.44864517e-04 -1.78374961e-02] -1014.9896648730919
starting dispersion ..........
time to diag over MBZ 0.013636589050292969
[ 8.09655115e-01 -2.46044634e-04 -1.83252767e-02] -1014.9897268758552
starting dispersion ..........
time to diag over MBZ 0.013635635375976562
[ 8.09899255e-01 -2.46062307e-04 -1.83258523e-02] -1014.9897408979068
starting dispersion ..........
time to diag over MBZ 0.013647317886352539
[ 8.09961624e-01 -4.56700831e-04 -1.84323707e-02] -1014.9897369360358
starting dispersion ..........
time to diag over MBZ 0.013677835464477539
[ 8.09899508e-01 -3.01089563e-04 -1.82168886e-02] -1014.9897408855622
starting dispersion ..........
time to diag over MBZ 0.013660192489624023
[ 8.10112604e-01 -1.39751686e-04 -1.82730808e-02] -1014.9897147022541
starting dispersion ..........
time to diag over MBZ 0.013698816299438477
[ 8.09799950e-01 -2.56621361e-04 -1.83310518e-02] -1014.9897408597074
starting dispersion ..........
time to diag over MBZ 0.013657569885253906
[ 8.09905140e-01 -2.90378273e-04 -1.83482458e-02] -1014.9897406542036
starting dispersion ..........
time to diag over MBZ 0.013763666152954102
[ 8.09895279e-01 -1.55960033e-04 -1.82826577e-02] -1014.9897410488632
starting dispersion ..........
time to diag over MBZ 0.013727426528930664
[ 8.09908624e-01 -6.47089267e-05 -1.82439905e-02] -1014.9897405052495
starting dispersion ..........
time to diag over MBZ 0.017831802368164062
[0.2] [-911.92600792]
starting dispersion ..........
time to diag over MBZ 0.017578125
[1.2] [-676.42813403]
starting dispersion ..........
time to diag over MBZ 0.017516613006591797
[-0.8] [-872.5075912]
starting dispersion ..........
time to diag over MBZ 0.017776012420654297
[-0.3] [-920.85446999]
starting dispersion ..........
time to diag over MBZ 0.01761484146118164
[-0.55] [-920.26355904]
starting dispersion ..........
time to diag over MBZ 0.017679452896118164
[-0.175] [-910.29396771]
starting dispersion ..........
time to diag over MBZ 0.017631053924560547
[-0.3625] [-924.35262705]
starting dispersion ..........
time to diag over MBZ 0.01768350601196289
[-0.425] [-925.61271343]
starting dispersion ..........
time to diag over MBZ 0.017816781997680664
[-0.4875] [-924.33134232]
starting dispersion ..........
time to diag over MBZ 0.01786041259765625
[-0.45625] [-925.30615833]
starting dispersion ..........
time to diag over MBZ 0.017731904983520508
[-0.409375] [-925.52526296]
starting dispersion ..........
time to diag over MBZ 0.017834186553955078
[-0.4328125] [-925.59703004]
starting dispersion ..........
time to diag over MBZ 0.01779937744140625
[-0.42109375] [-925.60560344]
starting dispersion ..........
time to diag over MBZ 0.017879247665405273
[-0.42695312] [-925.61254276]
starting dispersion ..........
time to diag over MBZ 0.017915010452270508
[-0.42402344] [-925.6118658]
starting dispersion ..........
time to diag over MBZ 0.017899751663208008
[-0.42548828] [-925.61290419]
starting dispersion ..........
time to diag over MBZ 0.01780533790588379
[-0.42597656] [-925.61293942]
starting dispersion ..........
time to diag over MBZ 0.017687559127807617
[-0.42646484] [-925.61281899]
starting dispersion ..........
time to diag over MBZ 0.017670154571533203
[-0.4262207] [-925.61289867]
starting dispersion ..........
time to diag over MBZ 0.017802953720092773
[-0.42587656] [-925.61294488]
starting dispersion ..........
time to diag over MBZ 0.0176999568939209
[-0.42577656] [-925.61294381]
0.01 [ 8.09908624e-01 -6.47089267e-05 -1.82439905e-02] -925.6129438077425 time for minimization 0.37685394287109375
starting dispersion ..........
time to diag over MBZ 0.012781858444213867
[0, 0, 0] -877.338053802463
starting dispersion ..........
time to diag over MBZ 0.014222383499145508
0 -911.3690684084377
starting dispersion ..........
time to diag over MBZ 0.013484716415405273
[ 8.09908624e-01 -6.47089267e-05 -1.82439905e-02] -1014.9897405052498
starting dispersion ..........
time to diag over MBZ 0.013573884963989258
[ 1.80990862e+00 -6.47089267e-05 -1.82439905e-02] -546.5765569617968
starting dispersion ..........
time to diag over MBZ 0.013424396514892578
[ 0.80990862  0.99993529 -0.01824399] -1014.9719608658163
starting dispersion ..........
time to diag over MBZ 0.013508081436157227
[ 8.09908624e-01 -6.47089267e-05  9.81756009e-01] -1014.9897397575592
starting dispersion ..........
time to diag over MBZ 0.01352834701538086
[-1.90091375e-01 -1.02666098e-04 -1.82439921e-02] -906.9973575900509
starting dispersion ..........
time to diag over MBZ 0.013634920120239258
[ 3.09908625e-01 -8.36875123e-05 -1.82439913e-02] -936.9846266076734
starting dispersion ..........
time to diag over MBZ 0.013633251190185547
[ 1.05990862e+00 -9.32000703e-05 -1.82439917e-02] -988.7561440944252
starting dispersion ..........
time to diag over MBZ 0.013431072235107422
[ 0.80989438 -0.12506471 -0.01824399] -1014.9884238021405
starting dispersion ..........
time to diag over MBZ 0.013447046279907227
[ 5.59908630e-01 -1.11220420e-05 -1.82439923e-02] -992.5055987132833
starting dispersion ..........
time to diag over MBZ 0.013518810272216797
[ 8.09908624e-01 -6.47089266e-05 -1.43243991e-01] -1014.989740483587
starting dispersion ..........
time to diag over MBZ 0.013602972030639648
[ 5.59908630e-01 -1.11220420e-05 -1.82439889e-02] -992.5055987132833
starting dispersion ..........
time to diag over MBZ 0.013580322265625
[ 6.84908627e-01 -3.79154843e-05 -1.82439897e-02] -1009.0852924646381
starting dispersion ..........
time to diag over MBZ 0.013621807098388672
[ 8.72408624e-01 -5.78940947e-05 -1.82439906e-02] -1013.4203621921565
starting dispersion ..........
time to diag over MBZ 0.013619184494018555
[ 7.78658629e-01 -4.80382145e-05 -1.82439902e-02] -1014.6100743003924
starting dispersion ..........
time to diag over MBZ 0.013471126556396484
[ 8.09908624e-01 -6.47089267e-05 -2.61899054e-03] -1014.9897405055935
starting dispersion ..........
time to diag over MBZ 0.013631820678710938
[ 8.41158616e-01 -4.11761647e-05 -2.61899085e-03] -1014.6000589046582
starting dispersion ..........
time to diag over MBZ 0.013636589050292969
[ 0.80989686  0.01556029 -0.00261899] -1014.9897405647716
starting dispersion ..........
time to diag over MBZ 0.013315677642822266
[ 0.77864687  0.01553676 -0.00261899] -1014.6097889007226
starting dispersion ..........
time to diag over MBZ 0.01347494125366211
[ 0.82552185  0.01557206 -0.00261899] -1014.8925397248945
starting dispersion ..........
time to diag over MBZ 0.013314008712768555
[ 0.80208436  0.01555441 -0.00261899] -1014.966038631361
starting dispersion ..........
time to diag over MBZ 0.013533353805541992
[0.80989686 0.01556029 0.00128726] -1014.9897408901297
starting dispersion ..........
time to diag over MBZ 0.013556241989135742
[0.81770936 0.01556618 0.00128747] -1014.9653517016347
starting dispersion ..........
time to diag over MBZ 0.013406515121459961
[0.80599061 0.01555735 0.00128736] -1014.983880374218
starting dispersion ..........
time to diag over MBZ 0.013498306274414062
[0.80989539 0.01751341 0.00128726] -1014.9897409157575
starting dispersion ..........
time to diag over MBZ 0.013573408126831055
[0.81380164 0.01751638 0.00128748] -1014.9835830846421
starting dispersion ..........
time to diag over MBZ 0.013538360595703125
[0.80794227 0.01751196 0.00128736] -1014.9883086450868
starting dispersion ..........
time to diag over MBZ 0.013432025909423828
[0.80989544 0.01751341 0.00226382] -1014.9897406391776
starting dispersion ..........
time to diag over MBZ 0.013531923294067383
[0.81184851 0.01751491 0.0012864 ] -1014.9881674664825
starting dispersion ..........
time to diag over MBZ 0.013527393341064453
[0.81087195 0.01751416 0.00128683] -1014.9893302323283
starting dispersion ..........
time to diag over MBZ 0.013402700424194336
[0.80940711 0.01751306 0.00128696] -1014.9896644304104
starting dispersion ..........
time to diag over MBZ 0.013569116592407227
[0.80989521 0.01775755 0.00128726] -1014.9897409183416
starting dispersion ..........
time to diag over MBZ 0.0135650634765625
[0.81038349 0.01775794 0.00128635] -1014.9896296143904
starting dispersion ..........
time to diag over MBZ 0.013236045837402344
[0.80965107 0.01775739 0.00128697] -1014.989726118974
starting dispersion ..........
time to diag over MBZ 0.012764692306518555
[0.80989536 0.01775755 0.00116519] -1014.9897409375526
starting dispersion ..........
time to diag over MBZ 0.012874841690063477
[0.8101395  0.01775777 0.00116485] -1014.9897087448041
starting dispersion ..........
time to diag over MBZ 0.0128936767578125
[0.80979536 0.01775749 0.00116495] -1014.9897405652603
starting dispersion ..........
time to diag over MBZ 0.012939453125
[0.80989533 0.01780755 0.00116519] -1014.989740938071
starting dispersion ..........
time to diag over MBZ 0.012866735458374023
[0.80999524 0.01780789 0.00116108] -1014.9897334441062
starting dispersion ..........
time to diag over MBZ 0.016982555389404297
[-0.42577656] [-925.61337355]
starting dispersion ..........
time to diag over MBZ 0.016945838928222656
[0.57422344] [-917.89319575]
starting dispersion ..........
time to diag over MBZ 0.016898632049560547
[-1.42577656] [-494.43399711]
starting dispersion ..........
time to diag over MBZ 0.016926050186157227
[-0.92577656] [-827.54293955]
starting dispersion ..........
time to diag over MBZ 0.01693248748779297
[-0.17577656] [-911.91965842]
starting dispersion ..........
time to diag over MBZ 0.017066240310668945
[-0.55077656] [-920.19460231]
starting dispersion ..........
time to diag over MBZ 0.016988039016723633
[-0.36327656] [-924.38730203]
starting dispersion ..........
time to diag over MBZ 0.016872406005859375
[-0.45702656] [-925.29028753]
starting dispersion ..........
time to diag over MBZ 0.017001867294311523
[-0.41015156] [-925.53407938]
starting dispersion ..........
time to diag over MBZ 0.016919612884521484
[-0.43358906] [-925.5935967]
starting dispersion ..........
time to diag over MBZ 0.016914844512939453
[-0.42187031] [-925.60830437]
starting dispersion ..........
time to diag over MBZ 0.016970396041870117
[-0.42772969] [-925.61218122]
starting dispersion ..........
time to diag over MBZ 0.017003774642944336
[-0.4248] [-925.61303642]
starting dispersion ..........
time to diag over MBZ 0.01684737205505371
[-0.42626484] [-925.61330899]
starting dispersion ..........
time to diag over MBZ 0.01690840721130371
[-0.42553242] [-925.61334753]
starting dispersion ..........
time to diag over MBZ 0.016937255859375
[-0.42587656] [-925.613373]
starting dispersion ..........
time to diag over MBZ 0.017369508743286133
[-0.42567656] [-925.61336759]
0.025555555555555554 [0.80999524 0.01780789 0.00116108] -925.613367592892 time for minimization 0.29199934005737305
starting dispersion ..........
time to diag over MBZ 0.01236104965209961
[0, 0, 0] -877.9478380987861
starting dispersion ..........
time to diag over MBZ 0.014234304428100586
0 -912.4995714672766
starting dispersion ..........
time to diag over MBZ 0.012840032577514648
[0.80999524 0.01780789 0.00116108] -1014.9897334441141
starting dispersion ..........
time to diag over MBZ 0.012939214706420898
[1.80999524e+00 1.78078940e-02 1.16108486e-03] -546.4913302611806
starting dispersion ..........
time to diag over MBZ 0.013327598571777344
[0.80999524 1.01780789 0.00116108] -1014.9896639507765
starting dispersion ..........
time to diag over MBZ 0.01364755630493164
[0.80999524 0.01780789 1.00116108] -1014.9316267045153
starting dispersion ..........
time to diag over MBZ 0.01350545883178711
[-0.19000475  0.01780775  0.00103706] -906.9834872677706
starting dispersion ..........
time to diag over MBZ 0.012768745422363281
[0.30999525 0.01780782 0.00109907] -937.0067899105594
starting dispersion ..........
time to diag over MBZ 0.013460874557495117
[1.05999522 0.01780778 0.00106794] -988.7374843463411
starting dispersion ..........
time to diag over MBZ 0.013689756393432617
[ 0.80999519 -0.10719211  0.00116108] -1014.9897296184065
starting dispersion ..........
time to diag over MBZ 0.013795614242553711
[0.55999528 0.01780808 0.00102275] -992.5203267058263
starting dispersion ..........
time to diag over MBZ 0.013419866561889648
[ 0.80994867  0.01780789 -0.12383891] -1014.9884881192254
starting dispersion ..........
time to diag over MBZ 0.013790607452392578
[0.55999527 0.01780808 0.00127794] -992.5203248179134
starting dispersion ..........
time to diag over MBZ 0.013255596160888672
[0.68499526 0.01780799 0.00121951] -1009.0932945096077
starting dispersion ..........
time to diag over MBZ 0.013593435287475586
[0.87249524 0.01780791 0.001151  ] -1013.4159761490685
starting dispersion ..........
time to diag over MBZ 0.013787031173706055
[0.77874525 0.01780795 0.00118509] -1014.6121698871157
starting dispersion ..........
time to diag over MBZ 0.013527870178222656
[0.80999527 0.03343289 0.00116108] -1014.9897331627144
starting dispersion ..........
time to diag over MBZ 0.013391733169555664
[0.84124524 0.0178078  0.00117521] -1014.5978898481635
starting dispersion ..........
time to diag over MBZ 0.01324772834777832
[0.81000725 0.01780789 0.01678608] -1014.9897090417433
starting dispersion ..........
time to diag over MBZ 0.013313055038452148
[0.84124523 0.0178078  0.00113304] -1014.5978900921866
starting dispersion ..........
time to diag over MBZ 0.013703346252441406
[0.82562024 0.01780784 0.00114706] -1014.8913130181454
starting dispersion ..........
time to diag over MBZ 0.013571977615356445
[0.80218274 0.01780788 0.00116515] -1014.9666350325144
starting dispersion ..........
time to diag over MBZ 0.013529062271118164
[0.81390149 0.01780786 0.00115602] -1014.9832677432744
starting dispersion ..........
time to diag over MBZ 0.013239622116088867
[0.80999523 0.01585477 0.00116108] -1014.9897334687366
starting dispersion ..........
time to diag over MBZ 0.01350712776184082
[0.80608898 0.01585477 0.0011604 ] -1014.9841752013167
starting dispersion ..........
time to diag over MBZ 0.013808488845825195
[ 8.09995569e-01  1.58547690e-02 -7.92040096e-04] -1014.9897334763432
starting dispersion ..........
time to diag over MBZ 0.013848304748535156
[ 8.13901819e-01  1.58547041e-02 -7.91365957e-04] -1014.9832667557341
starting dispersion ..........
time to diag over MBZ 0.013826370239257812
[ 8.08042444e-01  1.58547692e-02 -7.92387107e-04] -1014.9884552468272
starting dispersion ..........
time to diag over MBZ 0.013898134231567383
[ 8.10972132e-01  1.58547426e-02 -7.91874700e-04] -1014.9892456710595
starting dispersion ..........
time to diag over MBZ 0.013849735260009766
[ 8.09995556e-01  1.53664877e-02 -7.92040095e-04] -1014.9897334803259
starting dispersion ..........
time to diag over MBZ 0.014014005661010742
[ 8.09018994e-01  1.53664981e-02 -7.92218917e-04] -1014.9894697776265
starting dispersion ..........
time to diag over MBZ 0.01398777961730957
[ 8.10483837e-01  1.53664598e-02 -7.91961534e-04] -1014.9895835607726
starting dispersion ..........
time to diag over MBZ 0.01390528678894043
[ 0.8099956   0.01536649 -0.00103618] -1014.9897334485911
starting dispersion ..........
time to diag over MBZ 0.013957023620605469
[ 8.09507275e-01  1.53664879e-02 -7.91911940e-04] -1014.9896955254226
starting dispersion ..........
time to diag over MBZ 0.014024496078491211
[ 8.09751416e-01  1.53664878e-02 -7.91976018e-04] -1014.9897379820832
starting dispersion ..........
time to diag over MBZ 0.013999700546264648
[ 8.09651418e-01  1.53664463e-02 -7.91287180e-04] -1014.9897262696181
starting dispersion ..........
time to diag over MBZ 0.013834476470947266
[ 8.09751436e-01  1.53164878e-02 -7.91955086e-04] -1014.9897379839588
starting dispersion ..........
time to diag over MBZ 0.013584136962890625
[ 8.09816823e-01  1.53165261e-02 -7.16294107e-04] -1014.989741388679
starting dispersion ..........
time to diag over MBZ 0.013648748397827148
[ 8.09907020e-01  1.53165167e-02 -7.59475156e-04] -1014.9897405436618
starting dispersion ..........
time to diag over MBZ 0.017810821533203125
[-0.42567656] [-925.63744646]
starting dispersion ..........
time to diag over MBZ 0.018044710159301758
[0.57432344] [-917.88320487]
starting dispersion ..........
time to diag over MBZ 0.017884016036987305
[-1.42567656] [-494.52647432]
starting dispersion ..........
time to diag over MBZ 0.017844438552856445
[-0.92567656] [-827.58459338]
starting dispersion ..........
time to diag over MBZ 0.017925739288330078
[-0.17567656] [-913.89752198]
starting dispersion ..........
time to diag over MBZ 0.018877506256103516
[-0.55067656] [-920.2048027]
starting dispersion ..........
time to diag over MBZ 0.017877817153930664
[-0.36317656] [-924.48341462]
starting dispersion ..........
time to diag over MBZ 0.017837047576904297
[-0.45692656] [-925.30403803]
starting dispersion ..........
time to diag over MBZ 0.01789402961730957
[-0.41005156] [-925.56757325]
starting dispersion ..........
time to diag over MBZ 0.017943143844604492
[-0.43348906] [-925.61420419]
starting dispersion ..........
time to diag over MBZ 0.017765045166015625
[-0.42177031] [-925.63439431]
starting dispersion ..........
time to diag over MBZ 0.017876148223876953
[-0.42762969] [-925.63531974]
starting dispersion ..........
time to diag over MBZ 0.01789402961730957
[-0.4247] [-925.63759465]
starting dispersion ..........
time to diag over MBZ 0.01800990104675293
[-0.42372344] [-925.63713447]
starting dispersion ..........
time to diag over MBZ 0.017871379852294922
[-0.42518828] [-925.63759668]
starting dispersion ..........
time to diag over MBZ 0.01784062385559082
[-0.42543242] [-925.63754061]
starting dispersion ..........
time to diag over MBZ 0.018025875091552734
[-0.42508828] [-925.63760866]
starting dispersion ..........
time to diag over MBZ 0.01796698570251465
[-0.42498828] [-925.63761425]
starting dispersion ..........
time to diag over MBZ 0.017850637435913086
[-0.42488828] [-925.63761346]
0.041111111111111105 [ 8.09907020e-01  1.53165167e-02 -7.59475156e-04] -925.6376134564846 time for minimization 0.3460574150085449
starting dispersion ..........
time to diag over MBZ 0.012756109237670898
[0, 0, 0] -878.9444649506855
starting dispersion ..........
time to diag over MBZ 0.01427316665649414
0 -914.2434007567063
starting dispersion ..........
time to diag over MBZ 0.013758182525634766
[ 8.09907020e-01  1.53165167e-02 -7.59475156e-04] -1014.9897405709955
starting dispersion ..........
time to diag over MBZ 0.013658523559570312
[ 1.80990702e+00  1.53165167e-02 -7.59475156e-04] -546.5781356744913
starting dispersion ..........
time to diag over MBZ 0.013694524765014648
[ 8.09907020e-01  1.01531652e+00 -7.59475156e-04] -1014.9897106827816
starting dispersion ..........
time to diag over MBZ 0.014213085174560547
[0.80990702 0.01531652 0.99924052] -1014.9468662091474
starting dispersion ..........
time to diag over MBZ 0.014291524887084961
[-0.19009298  0.01531645 -0.00085101] -907.065382809349
starting dispersion ..........
time to diag over MBZ 0.014372587203979492
[ 0.30990702  0.01531648 -0.00080524] -936.9885457067087
starting dispersion ..........
time to diag over MBZ 0.014654397964477539
[ 1.05990701e+00  1.53164688e-02 -8.28183012e-04] -988.7564914015501
starting dispersion ..........
time to diag over MBZ 0.014313459396362305
[ 8.09906996e-01 -1.09683483e-01 -7.59475156e-04] -1014.9897388424697
starting dispersion ..........
time to diag over MBZ 0.015484333038330078
[ 0.55990704  0.0153166  -0.00086162] -992.5053399593179
starting dispersion ..........
time to diag over MBZ 0.015787601470947266
[ 0.80987267  0.01531652 -0.12575947] -1014.9887883423555
starting dispersion ..........
time to diag over MBZ 0.014464139938354492
[ 0.55990703  0.0153166  -0.00067262] -992.5053389858768
starting dispersion ..........
time to diag over MBZ 0.014247655868530273
[ 0.68490703  0.01531656 -0.00071605] -1009.0851451603485
starting dispersion ..........
time to diag over MBZ 0.015385627746582031
[ 8.72407019e-01  1.53165230e-02 -7.66572804e-04] -1013.4204433552918
starting dispersion ..........
time to diag over MBZ 0.013684749603271484
[ 7.78657025e-01  1.53165399e-02 -7.41405634e-04] -1014.6100354696475
starting dispersion ..........
time to diag over MBZ 0.01384282112121582
[ 8.09907031e-01  3.09415167e-02 -7.59475159e-04] -1014.9897404629162
starting dispersion ..........
time to diag over MBZ 0.013800382614135742
[ 8.41157018e-01  1.53164757e-02 -7.48471372e-04] -1014.6000988347596
starting dispersion ..........
time to diag over MBZ 0.013780832290649414
[0.80991605 0.01531652 0.01486552] -1014.9897267771466
starting dispersion ..........
time to diag over MBZ 0.013782978057861328
[ 8.41157013e-01  1.53164757e-02 -7.79815165e-04] -1014.6000989487263
starting dispersion ..........
time to diag over MBZ 0.013918638229370117
[ 8.25532016e-01  1.53164962e-02 -7.69645161e-04] -1014.8924137584277
starting dispersion ..........
time to diag over MBZ 0.014041900634765625
[ 8.02094520e-01  1.53165139e-02 -7.56065019e-04] -1014.9661009609438
starting dispersion ..........
time to diag over MBZ 0.014031171798706055
[ 8.13813268e-01  1.53165049e-02 -7.62873506e-04] -1014.9835468817103
starting dispersion ..........
time to diag over MBZ 0.013948678970336914
[ 8.09907014e-01  1.33633917e-02 -7.59475153e-04] -1014.9897405796055
starting dispersion ..........
time to diag over MBZ 0.013881683349609375
[ 8.06000764e-01  1.33633927e-02 -7.59391346e-04] -1014.9839112654458
starting dispersion ..........
time to diag over MBZ 0.013934135437011719
[ 0.80990697  0.01336339 -0.0027126 ] -1014.9897402686231
starting dispersion ..........
time to diag over MBZ 0.013959169387817383
[ 8.13813264e-01  1.33633684e-02 -7.59142179e-04] -1014.9835469043855
starting dispersion ..........
time to diag over MBZ 0.013976335525512695
[ 8.11860139e-01  1.33633800e-02 -7.59308666e-04] -1014.9881492240752
starting dispersion ..........
time to diag over MBZ 0.014048576354980469
[ 8.08930451e-01  1.33633894e-02 -7.59263362e-04] -1014.9894087733933
starting dispersion ..........
time to diag over MBZ 0.013725519180297852
[ 8.10395295e-01  1.33633839e-02 -7.59256811e-04] -1014.989624734061
starting dispersion ..........
time to diag over MBZ 0.01379847526550293
[ 8.09906904e-01  1.33633917e-02 -5.15334553e-04] -1014.9897405988565
starting dispersion ..........
time to diag over MBZ 0.013786077499389648
[ 8.09418623e-01  1.33633841e-02 -5.15390612e-04] -1014.9896685427434
starting dispersion ..........
time to diag over MBZ 0.013698577880859375
[ 8.09906908e-01  1.31192511e-02 -5.15334550e-04] -1014.9897405991298
starting dispersion ..........
time to diag over MBZ 0.013801813125610352
[ 8.10395189e-01  1.31192550e-02 -5.14855302e-04] -1014.9896247942374
starting dispersion ..........
time to diag over MBZ 0.013770341873168945
[ 8.09662768e-01  1.31192462e-02 -5.15362551e-04] -1014.9897280491605
starting dispersion ..........
time to diag over MBZ 0.01383519172668457
[ 8.10006908e-01  1.31192505e-02 -5.15136439e-04] -1014.9897321820915
starting dispersion ..........
time to diag over MBZ 0.013828754425048828
[ 8.09906809e-01  1.31192511e-02 -4.65334649e-04] -1014.9897406057412
starting dispersion ..........
time to diag over MBZ 0.013787508010864258
[ 8.09806809e-01  1.31192482e-02 -4.65375666e-04] -1014.9897411356008
starting dispersion ..........
time to diag over MBZ 0.013675928115844727
[ 8.09806811e-01  1.30692482e-02 -4.65375664e-04] -1014.9897411357229
starting dispersion ..........
time to diag over MBZ 0.013977527618408203
[ 8.09706837e-01  1.30691993e-02 -4.63078893e-04] -1014.9897337900666
starting dispersion ..........
time to diag over MBZ 0.018245458602905273
[-0.42488828] [-925.78945695]
starting dispersion ..........
time to diag over MBZ 0.018079757690429688
[0.57511172] [-917.81162346]
starting dispersion ..........
time to diag over MBZ 0.018017292022705078
[-1.42488828] [-495.25508247]
starting dispersion ..........
time to diag over MBZ 0.0180666446685791
[-0.92488828] [-827.91264199]
starting dispersion ..........
time to diag over MBZ 0.017878293991088867
[-0.17488828] [-916.12435641]
starting dispersion ..........
time to diag over MBZ 0.01785731315612793
[-0.54988828] [-920.29497664]
starting dispersion ..........
time to diag over MBZ 0.017751693725585938
[-0.36238828] [-924.84383072]
starting dispersion ..........
time to diag over MBZ 0.017782926559448242
[-0.45613828] [-925.41328152]
starting dispersion ..........
time to diag over MBZ 0.017629146575927734
[-0.40926328] [-925.75333084]
starting dispersion ..........
time to diag over MBZ 0.017796754837036133
[-0.43270078] [-925.75274825]
starting dispersion ..........
time to diag over MBZ 0.017725467681884766
[-0.42098203] [-925.79394653]
starting dispersion ..........
time to diag over MBZ 0.01780986785888672
[-0.41707578] [-925.78934316]
starting dispersion ..........
time to diag over MBZ 0.017846345901489258
[-0.41902891] [-925.79277422]
starting dispersion ..........
time to diag over MBZ 0.01779317855834961
[-0.42195859] [-925.7936811]
starting dispersion ..........
time to diag over MBZ 0.01787424087524414
[-0.42049375] [-925.79386601]
starting dispersion ..........
time to diag over MBZ 0.01796722412109375
[-0.42122617] [-925.79393352]
starting dispersion ..........
time to diag over MBZ 0.017923831939697266
[-0.42088203] [-925.7939416]
starting dispersion ..........
time to diag over MBZ 0.01804518699645996
[-0.42108203] [-925.7939455]
0.056666666666666664 [ 8.09706837e-01  1.30691993e-02 -4.63078893e-04] -925.7939454965997 time for minimization 0.32554197311401367
starting dispersion ..........
time to diag over MBZ 0.01289510726928711
[0, 0, 0] -880.3031773070015
starting dispersion ..........
time to diag over MBZ 0.014332294464111328
0 -916.5673740540528
starting dispersion ..........
time to diag over MBZ 0.013871192932128906
[ 8.09706837e-01  1.30691993e-02 -4.63078893e-04] -1014.989736894137
starting dispersion ..........
time to diag over MBZ 0.013864755630493164
[ 1.80970684e+00  1.30691993e-02 -4.63078893e-04] -546.7750706751726
starting dispersion ..........
time to diag over MBZ 0.01395273208618164
[ 8.09706837e-01  1.01306920e+00 -4.63078893e-04] -1014.9897257342532
starting dispersion ..........
time to diag over MBZ 0.013939142227172852
[0.80970684 0.0130692  0.99953692] -1014.9585208640535
starting dispersion ..........
time to diag over MBZ 0.01396489143371582
[-0.19029316  0.01306918 -0.00052975] -907.3222369621906
starting dispersion ..........
time to diag over MBZ 0.013852834701538086
[ 0.30970684  0.01306919 -0.00049641] -936.9672722924025
starting dispersion ..........
time to diag over MBZ 0.013912200927734375
[ 1.05970683e+00  1.30691814e-02 -5.13090177e-04] -988.7995957653179
starting dispersion ..........
time to diag over MBZ 0.01397705078125
[ 8.09706828e-01 -1.11930801e-01 -4.63078893e-04] -1014.9897362201539
starting dispersion ..........
time to diag over MBZ 0.013915300369262695
[ 5.59706848e-01  1.30692300e-02 -5.37572636e-04] -992.4716301383651
starting dispersion ..........
time to diag over MBZ 0.013885974884033203
[ 0.80968183  0.0130692  -0.12546308] -1014.9890432045981
starting dispersion ..........
time to diag over MBZ 0.01385951042175293
[ 5.59706845e-01  1.30692300e-02 -3.99824276e-04] -992.4716296146229
starting dispersion ..........
time to diag over MBZ 0.013878822326660156
[ 6.84706841e-01  1.30692146e-02 -4.31451584e-04] -1009.0666660562894
starting dispersion ..........
time to diag over MBZ 0.013941526412963867
[ 8.72206837e-01  1.30692019e-02 -4.68261930e-04] -1013.4305566217445
starting dispersion ..........
time to diag over MBZ 0.014035701751708984
[ 7.78456840e-01  1.30692082e-02 -4.49875818e-04] -1014.6051757258178
starting dispersion ..........
time to diag over MBZ 0.013859748840332031
[ 8.09706842e-01  2.86941993e-02 -4.63078893e-04] -1014.9897368585471
starting dispersion ..........
time to diag over MBZ 0.01394796371459961
[ 8.40956836e-01  1.30691845e-02 -4.55237751e-04] -1014.6050893831989
starting dispersion ..........
time to diag over MBZ 0.01552438735961914
[0.80971344 0.0130692  0.01516192] -1014.9897274920049
starting dispersion ..........
time to diag over MBZ 0.013576269149780273
[ 8.40956834e-01  1.30691845e-02 -4.77810029e-04] -1014.60508944402
starting dispersion ..........
time to diag over MBZ 0.013704538345336914
[ 8.25331835e-01  1.30691919e-02 -4.70444461e-04] -1014.8948905447644
starting dispersion ..........
time to diag over MBZ 0.013643980026245117
[ 8.01894337e-01  1.30691986e-02 -4.60552578e-04] -1014.9648699122856
starting dispersion ..........
time to diag over MBZ 0.013839483261108398
[ 8.13613086e-01  1.30691953e-02 -4.65467748e-04] -1014.9841601352762
starting dispersion ..........
time to diag over MBZ 0.01458430290222168
[ 0.80970564  0.0130692  -0.0024162 ] -1014.9897365108004
starting dispersion ..........
time to diag over MBZ 0.014687538146972656
[ 8.05800588e-01  1.30691941e-02 -4.60153020e-04] -1014.9832928276128
starting dispersion ..........
time to diag over MBZ 0.014876365661621094
[ 8.09706835e-01  1.11160743e-02 -4.63078892e-04] -1014.9897368965314
starting dispersion ..........
time to diag over MBZ 0.014881372451782227
[ 8.05800586e-01  1.11160748e-02 -4.60153020e-04] -1014.983292823933
starting dispersion ..........
time to diag over MBZ 0.014801979064941406
[ 8.11659960e-01  1.11160708e-02 -4.64040950e-04] -1014.9884537329549
starting dispersion ..........
time to diag over MBZ 0.014409065246582031
[ 8.08730273e-01  1.11160734e-02 -4.62189937e-04] -1014.9892511970286
starting dispersion ..........
time to diag over MBZ 0.014583587646484375
[8.09707280e-01 1.11160743e-02 2.52021558e-05] -1014.9897369534137
starting dispersion ..........
time to diag over MBZ 0.01402592658996582
[8.10683842e-01 1.11160709e-02 2.45419392e-05] -1014.989471007613
starting dispersion ..........
time to diag over MBZ 0.013968706130981445
[8.09218999e-01 1.11160725e-02 2.58555071e-05] -1014.9895881467553
starting dispersion ..........
time to diag over MBZ 0.013872623443603516
[8.09707280e-01 1.08719336e-02 2.52021549e-05] -1014.9897369535108
starting dispersion ..........
time to diag over MBZ 0.013913393020629883
[8.10195562e-01 1.08719347e-02 2.49443259e-05] -1014.9896979340419
starting dispersion ..........
time to diag over MBZ 0.013882637023925781
[8.09463140e-01 1.08719316e-02 2.57802992e-05] -1014.989686023596
starting dispersion ..........
time to diag over MBZ 0.01393747329711914
[8.09707570e-01 1.08719336e-02 1.47272125e-04] -1014.9897369853411
starting dispersion ..........
time to diag over MBZ 0.014070987701416016
[8.09951710e-01 1.08719340e-02 1.46999147e-04] -1014.9897409033636
starting dispersion ..........
time to diag over MBZ 0.013812780380249023
[8.10051700e-01 1.08719319e-02 1.48386996e-04] -1014.9897289516491
starting dispersion ..........
time to diag over MBZ 0.013966560363769531
[8.09951709e-01 1.08219340e-02 1.47001508e-04] -1014.9897409034575
starting dispersion ..........
time to diag over MBZ 0.013959884643554688
[8.09911389e-01 1.08219386e-02 2.38512727e-04] -1014.989743492803
starting dispersion ..........
time to diag over MBZ 0.013842105865478516
[8.09813392e-01 1.08219383e-02 2.18598872e-04] -1014.9897444489864
starting dispersion ..........
time to diag over MBZ 0.01801776885986328
[-0.42108203] [-926.21858945]
starting dispersion ..........
time to diag over MBZ 0.018079519271850586
[0.57891797] [-917.45919713]
starting dispersion ..........
time to diag over MBZ 0.01803874969482422
[-1.42108203] [-498.76390225]
starting dispersion ..........
time to diag over MBZ 0.018212556838989258
[-0.92108203] [-829.48890853]
starting dispersion ..........
time to diag over MBZ 0.018203020095825195
[-0.17108203] [-918.55001861]
starting dispersion ..........
time to diag over MBZ 0.017990827560424805
[-0.54608203] [-920.72510407]
starting dispersion ..........
time to diag over MBZ 0.019161462783813477
[-0.35858203] [-925.54201038]
starting dispersion ..........
time to diag over MBZ 0.018669843673706055
[-0.45233203] [-925.79083585]
starting dispersion ..........
time to diag over MBZ 0.018184423446655273
[-0.40545703] [-926.22695185]
starting dispersion ..........
time to diag over MBZ 0.018112659454345703
[-0.39764453] [-926.18356753]
starting dispersion ..........
time to diag over MBZ 0.01798534393310547
[-0.40936328] [-926.23697202]
starting dispersion ..........
time to diag over MBZ 0.01766490936279297
[-0.41326953] [-926.2390133]
starting dispersion ..........
time to diag over MBZ 0.017827272415161133
[-0.41717578] [-926.23293231]
starting dispersion ..........
time to diag over MBZ 0.018076181411743164
[-0.41522266] [-926.2369969]
starting dispersion ..........
time to diag over MBZ 0.01792454719543457
[-0.41229297] [-926.23925891]
starting dispersion ..........
time to diag over MBZ 0.017778635025024414
[-0.41131641] [-926.23899907]
starting dispersion ..........
time to diag over MBZ 0.017353057861328125
[-0.41180469] [-926.23919203]
starting dispersion ..........
time to diag over MBZ 0.01732802391052246
[-0.41253711] [-926.23924498]
starting dispersion ..........
time to diag over MBZ 0.01733684539794922
[-0.41219297] [-926.23925549]
starting dispersion ..........
time to diag over MBZ 0.01735687255859375
[-0.41239297] [-926.23925702]
0.07222222222222222 [8.09813392e-01 1.08219383e-02 2.18598872e-04] -926.239257023235 time for minimization 0.3642392158508301
starting dispersion ..........
time to diag over MBZ 0.012797832489013672
[0, 0, 0] -882.0261975521631
starting dispersion ..........
time to diag over MBZ 0.014355897903442383
0 -919.4492134117944
starting dispersion ..........
time to diag over MBZ 0.01379251480102539
[8.09813392e-01 1.08219383e-02 2.18598872e-04] -1014.9898119637492
starting dispersion ..........
time to diag over MBZ 0.014059066772460938
[1.80981339e+00 1.08219383e-02 2.18598872e-04] -546.6702500390165
starting dispersion ..........
time to diag over MBZ 0.013792753219604492
[8.09813392e-01 1.01082194e+00 2.18598872e-04] -1014.9898094648311
starting dispersion ..........
time to diag over MBZ 0.01362299919128418
[0.80981339 0.01082194 1.0002186 ] -1014.9683841727087
starting dispersion ..........
time to diag over MBZ 0.01363825798034668
[-1.90186607e-01  1.08219329e-02  1.72844236e-04] -907.756045942343
starting dispersion ..........
time to diag over MBZ 0.0140380859375
[3.09813392e-01 1.08219356e-02 1.95721554e-04] -937.0966415908061
starting dispersion ..........
time to diag over MBZ 0.013762712478637695
[1.05981339e+00 1.08219343e-02 1.84212367e-04] -988.7766568301575
starting dispersion ..........
time to diag over MBZ 0.014067888259887695
[ 8.09813390e-01 -1.14178062e-01  2.18598872e-04] -1014.9898118069755
starting dispersion ..........
time to diag over MBZ 0.013698577880859375
[5.59813397e-01 1.08219453e-02 1.67508614e-04] -992.4926822684097
starting dispersion ..........
time to diag over MBZ 0.014232635498046875
[ 0.8097962   0.01082194 -0.1247814 ] -1014.9893427962108
starting dispersion ..........
time to diag over MBZ 0.014656543731689453
[5.59813396e-01 1.08219453e-02 2.61934461e-04] -992.4926820188199
starting dispersion ..........
time to diag over MBZ 0.01479482650756836
[6.84813394e-01 1.08219418e-02 2.40266667e-04] -1009.0769746939307
starting dispersion ..........
time to diag over MBZ 0.014002084732055664
[8.72313392e-01 1.08219389e-02 2.14961450e-04] -1013.4252039697112
starting dispersion ..........
time to diag over MBZ 0.013997793197631836
[7.78563393e-01 1.08219403e-02 2.27582539e-04] -1014.6078781094579
starting dispersion ..........
time to diag over MBZ 0.013986349105834961
[8.09813393e-01 2.64469383e-02 2.18598872e-04] -1014.9898119565964
starting dispersion ..........
time to diag over MBZ 0.013860464096069336
[8.41063391e-01 1.08219350e-02 2.23897433e-04] -1014.6024797322425
starting dispersion ..........
time to diag over MBZ 0.013922691345214844
[0.80981788 0.01082194 0.0158436 ] -1014.9898044890022
starting dispersion ..........
time to diag over MBZ 0.014823436737060547
[8.4106339e-01 1.0821935e-02 2.0839203e-04] -1014.6024797628124
starting dispersion ..........
time to diag over MBZ 0.014569997787475586
[8.25438391e-01 1.08219367e-02 2.13495451e-04] -1014.8936305329767
starting dispersion ..........
time to diag over MBZ 0.013849496841430664
[8.02000892e-01 1.08219382e-02 2.20237639e-04] -1014.9656071032714
starting dispersion ..........
time to diag over MBZ 0.013955354690551758
[8.13719641e-01 1.08219374e-02 2.16872765e-04] -1014.9839027947703
starting dispersion ..........
time to diag over MBZ 0.01373147964477539
[8.09813391e-01 8.86881328e-03 2.18598872e-04] -1014.9898119642119
starting dispersion ..........
time to diag over MBZ 0.013943672180175781
[8.05907141e-01 8.86881350e-03 2.18486537e-04] -1014.9836994020575
starting dispersion ..........
time to diag over MBZ 0.014016389846801758
[ 0.80981345  0.00886881 -0.00173453] -1014.9898119056143
starting dispersion ..........
time to diag over MBZ 0.013886213302612305
[8.13719641e-01 8.86881185e-03 2.18786101e-04] -1014.9839027953492
starting dispersion ..........
time to diag over MBZ 0.013592004776000977
[8.11766516e-01 8.86881257e-03 2.18692486e-04] -1014.9883627060747
starting dispersion ..........
time to diag over MBZ 0.013758420944213867
[8.08836829e-01 8.86881318e-03 2.18610273e-04] -1014.9894092270429
starting dispersion ..........
time to diag over MBZ 0.013956308364868164
[8.10301673e-01 8.86881289e-03 2.18648436e-04] -1014.9897316136103
starting dispersion ..........
time to diag over MBZ 0.013796091079711914
[8.09813391e-01 8.62467265e-03 2.18598872e-04] -1014.9898119642596
starting dispersion ..........
time to diag over MBZ 0.013932466506958008
[8.09325110e-01 8.62467246e-03 2.18673853e-04] -1014.9897044747661
starting dispersion ..........
time to diag over MBZ 0.013873100280761719
[8.09813429e-01 8.62467265e-03 4.62739494e-04] -1014.9898119621055
starting dispersion ..........
time to diag over MBZ 0.013857364654541016
[8.10301672e-01 8.62467183e-03 2.18504320e-04] -1014.9897316137356
starting dispersion ..........
time to diag over MBZ 0.01375126838684082
[8.10057532e-01 8.62467224e-03 2.18551596e-04] -1014.9897952741019
starting dispersion ..........
time to diag over MBZ 0.013817548751831055
[8.09713391e-01 8.62467245e-03 2.18601321e-04] -1014.9898052432679
starting dispersion ..........
time to diag over MBZ 0.013682126998901367
[8.09813391e-01 8.57467265e-03 2.18598872e-04] -1014.9898119642728
starting dispersion ..........
time to diag over MBZ 0.013767242431640625
[8.09913391e-01 8.57467247e-03 2.18570388e-04] -1014.9898108066745
starting dispersion ..........
time to diag over MBZ 0.013836145401000977
[8.09813377e-01 8.57467265e-03 1.68598874e-04] -1014.9898119642444
starting dispersion ..........
time to diag over MBZ 0.013758420944213867
[8.09713391e-01 8.57467017e-03 2.18632266e-04] -1014.98980524329
starting dispersion ..........
time to diag over MBZ 0.018081188201904297
[-0.41239297] [-927.06908933]
starting dispersion ..........
time to diag over MBZ 0.017599821090698242
[0.58760703] [-916.62566382]
starting dispersion ..........
time to diag over MBZ 0.01770329475402832
[-1.41239297] [-506.71631751]
starting dispersion ..........
time to diag over MBZ 0.017790794372558594
[-0.91239297] [-833.0399135]
starting dispersion ..........
time to diag over MBZ 0.017844438552856445
[-0.16239297] [-921.2098093]
starting dispersion ..........
time to diag over MBZ 0.017864704132080078
[-0.53739297] [-921.72743514]
starting dispersion ..........
time to diag over MBZ 0.01777791976928711
[-0.34989297] [-926.64938317]
starting dispersion ..........
time to diag over MBZ 0.017810821533203125
[-0.44364297] [-926.60622153]
starting dispersion ..........
time to diag over MBZ 0.017747879028320312
[-0.39676797] [-927.11754313]
starting dispersion ..........
time to diag over MBZ 0.01745128631591797
[-0.38114297] [-927.05668934]
starting dispersion ..........
time to diag over MBZ 0.017498016357421875
[-0.38895547] [-927.10014586]
starting dispersion ..........
time to diag over MBZ 0.017368078231811523
[-0.40067422] [-927.11606812]
starting dispersion ..........
time to diag over MBZ 0.01755523681640625
[-0.39481484] [-927.11570757]
starting dispersion ..........
time to diag over MBZ 0.01769852638244629
[-0.39774453] [-927.11782131]
starting dispersion ..........
time to diag over MBZ 0.01764059066772461
[-0.39872109] [-927.11766982]
starting dispersion ..........
time to diag over MBZ 0.017514944076538086
[-0.39823281] [-927.11779942]
starting dispersion ..........
time to diag over MBZ 0.017612695693969727
[-0.39750039] [-927.11779195]
starting dispersion ..........
time to diag over MBZ 0.017560720443725586
[-0.39784453] [-927.11782558]
starting dispersion ..........
time to diag over MBZ 0.017759084701538086
[-0.39794453] [-927.11782535]
0.08777777777777776 [8.09713391e-01 8.57467017e-03 2.18632266e-04] -927.1178253488016 time for minimization 0.33957362174987793
starting dispersion ..........
time to diag over MBZ 0.012602567672729492
[0, 0, 0] -884.1231864278252
starting dispersion ..........
time to diag over MBZ 0.014274120330810547
0 -922.8666862163507
starting dispersion ..........
time to diag over MBZ 0.013764142990112305
[8.09713391e-01 8.57467017e-03 2.18632266e-04] -1014.990386345313
starting dispersion ..........
time to diag over MBZ 0.013640880584716797
[1.80971339e+00 8.57467017e-03 2.18632266e-04] -546.768623474441
starting dispersion ..........
time to diag over MBZ 0.013811111450195312
[8.09713391e-01 1.00857467e+00 2.18632266e-04] -1014.9903838351099
starting dispersion ..........
time to diag over MBZ 0.013738632202148438
[0.80971339 0.00857467 1.00021863] -1014.9769380302464
starting dispersion ..........
time to diag over MBZ 0.013784646987915039
[-1.90286608e-01  8.57466481e-03  1.89910160e-04] -908.5632109178376
starting dispersion ..........
time to diag over MBZ 0.01371622085571289
[3.09713392e-01 8.57466749e-03 2.04271213e-04] -937.3118424790295
starting dispersion ..........
time to diag over MBZ 0.013803958892822266
[1.05971339e+00 8.57466613e-03 1.96991292e-04] -988.7982085301925
starting dispersion ..........
time to diag over MBZ 0.013765096664428711
[ 8.09713389e-01 -1.16425330e-01  2.18632266e-04] -1014.9903861816902
starting dispersion ..........
time to diag over MBZ 0.013818502426147461
[5.59713393e-01 8.57467733e-03 1.86541782e-04] -992.4889481086635
starting dispersion ..........
time to diag over MBZ 0.013747692108154297
[ 0.80970257  0.00857467 -0.12478137] -1014.9900911338482
starting dispersion ..........
time to diag over MBZ 0.013702869415283203
[5.59713393e-01 8.57467733e-03 2.45908730e-04] -992.488948011306
starting dispersion ..........
time to diag over MBZ 0.013495445251464844
[6.84713392e-01 8.57467375e-03 2.32270498e-04] -1009.0705517089848
starting dispersion ..........
time to diag over MBZ 0.013699054718017578
[8.72213391e-01 8.57467089e-03 2.16338785e-04] -1013.4305128560761
starting dispersion ..........
time to diag over MBZ 0.013632774353027344
[7.78463392e-01 8.57467231e-03 2.24294473e-04] -1014.6063097934989
starting dispersion ..........
time to diag over MBZ 0.013796567916870117
[8.09713392e-01 2.41996702e-02 2.18632266e-04] -1014.990386339103
starting dispersion ..........
time to diag over MBZ 0.013684511184692383
[8.40963391e-01 8.57466701e-03 2.21932040e-04] -1014.6053580648011
starting dispersion ..........
time to diag over MBZ 0.013866662979125977
[0.80971622 0.00857467 0.01584363] -1014.9903818581668
starting dispersion ..........
time to diag over MBZ 0.013781309127807617
[8.40963391e-01 8.57466701e-03 2.12239875e-04] -1014.6053580768048
starting dispersion ..........
time to diag over MBZ 0.013766050338745117
[8.25338391e-01 8.57466859e-03 2.15436071e-04] -1014.895339174604
starting dispersion ..........
time to diag over MBZ 0.013743400573730469
[8.01900891e-01 8.57467019e-03 2.19678993e-04] -1014.9656290625387
starting dispersion ..........
time to diag over MBZ 0.013810396194458008
[8.13619641e-01 8.57466941e-03 2.17570495e-04] -1014.9847571795685
starting dispersion ..........
time to diag over MBZ 0.013722896575927734
[8.09713391e-01 6.62154517e-03 2.18632266e-04] -1014.9903863456418
starting dispersion ..........
time to diag over MBZ 0.013917684555053711
[8.05807141e-01 6.62154547e-03 2.18561600e-04] -1014.9839962813496
starting dispersion ..........
time to diag over MBZ 0.013861656188964844
[ 0.80971343  0.00662155 -0.00173449] -1014.990386315623
starting dispersion ..........
time to diag over MBZ 0.013738870620727539
[8.13619641e-01 6.62154401e-03 2.18739633e-04] -1014.9847571806331
starting dispersion ..........
time to diag over MBZ 0.013724803924560547
[8.11666516e-01 6.62154459e-03 2.18685950e-04] -1014.9890767816487
starting dispersion ..........
time to diag over MBZ 0.014156341552734375
[8.08736828e-01 6.62154511e-03 2.18636985e-04] -1014.9899139952947
starting dispersion ..........
time to diag over MBZ 0.01394200325012207
[8.10201672e-01 6.62154490e-03 2.18656615e-04] -1014.9903408603341
starting dispersion ..........
time to diag over MBZ 0.013852357864379883
[8.09713391e-01 6.37740454e-03 2.18632266e-04] -1014.9903863456677
starting dispersion ..........
time to diag over MBZ 0.013539552688598633
[8.09225110e-01 6.37740425e-03 2.18703995e-04] -1014.9902440299893
starting dispersion ..........
time to diag over MBZ 0.013725757598876953
[8.09713427e-01 6.37740454e-03 4.62772889e-04] -1014.9903863474769
starting dispersion ..........
time to diag over MBZ 0.013738870620727539
[8.10201708e-01 6.37740410e-03 4.62713574e-04] -1014.9903408484229
starting dispersion ..........
time to diag over MBZ 0.01358342170715332
[8.09469286e-01 6.37740440e-03 4.62828169e-04] -1014.990338666539
starting dispersion ..........
time to diag over MBZ 0.013677120208740234
[8.09813427e-01 6.37740443e-03 4.62761993e-04] -1014.990392324291
starting dispersion ..........
time to diag over MBZ 0.013812541961669922
[8.09913427e-01 6.37740420e-03 4.62759702e-04] -1014.9903904234595
starting dispersion ..........
time to diag over MBZ 0.013796567916870117
[8.09813427e-01 6.32740443e-03 4.62761993e-04] -1014.9903923243253
starting dispersion ..........
time to diag over MBZ 0.01396036148071289
[8.09913427e-01 6.32740318e-03 4.62759702e-04] -1014.9903904234975
starting dispersion ..........
time to diag over MBZ 0.013858318328857422
[8.09813428e-01 6.32740443e-03 5.12761993e-04] -1014.9903923238442
starting dispersion ..........
time to diag over MBZ 0.013830184936523438
[8.09713427e-01 6.32740093e-03 4.62713662e-04] -1014.9903863475085
starting dispersion ..........
time to diag over MBZ 0.017928600311279297
[-0.39794453] [-928.46492734]
starting dispersion ..........
time to diag over MBZ 0.017937183380126953
[0.60205547] [-915.11728805]
starting dispersion ..........
time to diag over MBZ 0.01786971092224121
[-1.39794453] [-519.7626784]
starting dispersion ..........
time to diag over MBZ 0.01792621612548828
[-0.89794453] [-838.8029305]
starting dispersion ..........
time to diag over MBZ 0.017723560333251953
[-0.14794453] [-924.20222257]
starting dispersion ..........
time to diag over MBZ 0.017841577529907227
[-0.52294453] [-923.4292849]
starting dispersion ..........
time to diag over MBZ 0.017627239227294922
[-0.33544453] [-928.26505083]
starting dispersion ..........
time to diag over MBZ 0.0178678035736084
[-0.42919453] [-927.98930071]
starting dispersion ..........
time to diag over MBZ 0.017707109451293945
[-0.38231953] [-928.54429043]
starting dispersion ..........
time to diag over MBZ 0.017759084701538086
[-0.36669453] [-928.53069827]
starting dispersion ..........
time to diag over MBZ 0.01793646812438965
[-0.37450703] [-928.54849607]
starting dispersion ..........
time to diag over MBZ 0.01794147491455078
[-0.36669453] [-928.53069827]
starting dispersion ..........
time to diag over MBZ 0.018103361129760742
[-0.37060078] [-928.54226908]
starting dispersion ..........
time to diag over MBZ 0.02343273162841797
[-0.37646016] [-928.54955639]
starting dispersion ..........
time to diag over MBZ 0.017935991287231445
[-0.37841328] [-928.54922184]
starting dispersion ..........
time to diag over MBZ 0.01788616180419922
[-0.37743672] [-928.54956469]
starting dispersion ..........
time to diag over MBZ 0.018102169036865234
[-0.377925] [-928.54943732]
starting dispersion ..........
time to diag over MBZ 0.018040895462036133
[-0.37719258] [-928.54959544]
starting dispersion ..........
time to diag over MBZ 0.018047332763671875
[-0.37694844] [-928.54960429]
starting dispersion ..........
time to diag over MBZ 0.017710447311401367
[-0.3767043] [-928.54959126]
starting dispersion ..........
time to diag over MBZ 0.017884254455566406
[-0.37684844] [-928.54960159]
starting dispersion ..........
time to diag over MBZ 0.017833948135375977
[-0.37704844] [-928.54960331]
0.10333333333333332 [8.09713427e-01 6.32740093e-03 4.62713662e-04] -928.5496033110817 time for minimization 0.4034709930419922
starting dispersion ..........
time to diag over MBZ 0.012738943099975586
[0, 0, 0] -886.6030170140116
starting dispersion ..........
time to diag over MBZ 0.014364004135131836
0 -926.796637357364
starting dispersion ..........
time to diag over MBZ 0.013519048690795898
[8.09713427e-01 6.32740093e-03 4.62713662e-04] -1014.9931971050257
starting dispersion ..........
time to diag over MBZ 0.013599395751953125
[1.80971343e+00 6.32740093e-03 4.62713662e-04] -546.7685887700004
starting dispersion ..........
time to diag over MBZ 0.013808012008666992
[8.09713427e-01 1.00632740e+00 4.62713662e-04] -1014.9931858166096
starting dispersion ..........
time to diag over MBZ 0.013686656951904297
[0.80971343 0.0063274  1.00046271] -1014.9858751065567
starting dispersion ..........
time to diag over MBZ 0.013783693313598633
[-0.19028657  0.00632738  0.00044708] -909.7266923669024
starting dispersion ..........
time to diag over MBZ 0.013652563095092773
[0.30971343 0.00632739 0.00045489] -937.7587904209632
starting dispersion ..........
time to diag over MBZ 0.013763904571533203
[1.05971343e+00 6.32738266e-03 4.50863376e-04] -988.7983784622901
starting dispersion ..........
time to diag over MBZ 0.013777732849121094
[ 8.09713417e-01 -1.18672599e-01  4.62713662e-04] -1014.9931963427553
starting dispersion ..........
time to diag over MBZ 0.013936758041381836
[5.59713427e-01 6.32743375e-03 4.45243608e-04] -992.5288127743275
starting dispersion ..........
time to diag over MBZ 0.013881206512451172
[ 0.8097075   0.0063274  -0.12453729] -1014.9930372345418
starting dispersion ..........
time to diag over MBZ 0.013833284378051758
[5.59713427e-01 6.32743375e-03 4.77615515e-04] -992.5288127459892
starting dispersion ..........
time to diag over MBZ 0.013777017593383789
[6.84713427e-01 6.32741734e-03 4.70164588e-04] -1009.0813363866475
starting dispersion ..........
time to diag over MBZ 0.013754129409790039
[8.72213427e-01 6.32740442e-03 4.61441236e-04] -1013.4319313821961
starting dispersion ..........
time to diag over MBZ 0.013686180114746094
[7.78463427e-01 6.32741084e-03 4.65794916e-04] -1014.6102552612574
starting dispersion ..........
time to diag over MBZ 0.013680458068847656
[8.09713432e-01 2.19524009e-02 4.62713662e-04] -1014.993197080961
starting dispersion ..........
time to diag over MBZ 0.013593673706054688
[8.40963427e-01 6.32738709e-03 4.64493937e-04] -1014.6073567322273
starting dispersion ..........
time to diag over MBZ 0.013836145401000977
[0.80971497 0.0063274  0.01608771] -1014.9931945375229
starting dispersion ..........
time to diag over MBZ 0.013787508010864258
[8.40963426e-01 6.32738709e-03 4.59213365e-04] -1014.6073567358958
starting dispersion ..........
time to diag over MBZ 0.01411890983581543
[8.25338427e-01 6.32739401e-03 4.60963513e-04] -1014.8977099085535
starting dispersion ..........
time to diag over MBZ 0.014036893844604492
[8.01900927e-01 6.32740144e-03 4.63273910e-04] -1014.9686890416024
starting dispersion ..........
time to diag over MBZ 0.013954639434814453
[8.13619677e-01 6.32739777e-03 4.62123893e-04] -1014.9874509304279
starting dispersion ..........
time to diag over MBZ 0.013704061508178711
[8.09713425e-01 4.37427593e-03 4.62713662e-04] -1014.9931971060726
starting dispersion ..........
time to diag over MBZ 0.013952493667602539
[8.05807175e-01 4.37427766e-03 4.62662472e-04] -1014.9869290442825
starting dispersion ..........
time to diag over MBZ 0.014003515243530273
[ 0.80971345  0.00437428 -0.00149041] -1014.9931970979137
starting dispersion ..........
time to diag over MBZ 0.014107704162597656
[8.13619675e-01 4.37427147e-03 4.62775022e-04] -1014.9874509362091
starting dispersion ..........
time to diag over MBZ 0.013836145401000977
[8.11666550e-01 4.37427370e-03 4.62744342e-04] -1014.991828427723
starting dispersion ..........
time to diag over MBZ 0.014032602310180664
[8.08736863e-01 4.37427597e-03 4.62706686e-04] -1014.9927547797761
starting dispersion ..........
time to diag over MBZ 0.013891935348510742
[8.10201706e-01 4.37427496e-03 4.62724564e-04] -1014.9931367260572
starting dispersion ..........
time to diag over MBZ 0.014102697372436523
[8.09713425e-01 4.13013531e-03 4.62713662e-04] -1014.993197106154
starting dispersion ..........
time to diag over MBZ 0.01394963264465332
[8.09225143e-01 4.13013496e-03 4.62723758e-04] -1014.9930697631221
starting dispersion ..........
time to diag over MBZ 0.013794183731079102
[8.09713430e-01 4.13013531e-03 7.06854287e-04] -1014.9931971052431
starting dispersion ..........
time to diag over MBZ 0.013814210891723633
[8.10201706e-01 4.13013371e-03 4.62696581e-04] -1014.9931367263259
starting dispersion ..........
time to diag over MBZ 0.014115095138549805
[8.09957565e-01 4.13013451e-03 4.62705122e-04] -1014.9931903867346
starting dispersion ..........
time to diag over MBZ 0.01386404037475586
[8.09613425e-01 4.13013429e-03 4.62702174e-04] -1014.9931863095999
starting dispersion ..........
time to diag over MBZ 0.0139007568359375
[8.09713425e-01 4.08013531e-03 4.62713662e-04] -1014.9931971062113
starting dispersion ..........
time to diag over MBZ 0.014087677001953125
[8.09813425e-01 4.08013526e-03 4.62708139e-04] -1014.993200029058
starting dispersion ..........
time to diag over MBZ 0.013979911804199219
[8.09913425e-01 4.08013235e-03 4.62693307e-04] -1014.9931950775308
starting dispersion ..........
time to diag over MBZ 0.013910055160522461
[8.09813422e-01 4.08013526e-03 4.12708139e-04] -1014.9932000292742
starting dispersion ..........
time to diag over MBZ 0.013977527618408203
[8.09913422e-01 4.08013235e-03 4.12687820e-04] -1014.9931950779646
starting dispersion ..........
time to diag over MBZ 0.018166303634643555
[-0.37704844] [-930.51085858]
starting dispersion ..........
time to diag over MBZ 0.01784992218017578
[0.62295156] [-912.61928207]
starting dispersion ..........
time to diag over MBZ 0.017824172973632812
[-1.37704844] [-538.24124077]
starting dispersion ..........
time to diag over MBZ 0.01792001724243164
[-0.87704844] [-846.83573912]
starting dispersion ..........
time to diag over MBZ 0.018194913864135742
[-0.12704844] [-927.63803586]
starting dispersion ..........
time to diag over MBZ 0.017924070358276367
[-0.50204844] [-925.91144524]
starting dispersion ..........
time to diag over MBZ 0.01788783073425293
[-0.31454844] [-930.48869356]
starting dispersion ..........
time to diag over MBZ 0.017899751663208008
[-0.40829844] [-930.04349853]
starting dispersion ..........
time to diag over MBZ 0.017899274826049805
[-0.36142344] [-930.61138256]
starting dispersion ..........
time to diag over MBZ 0.01793217658996582
[-0.34579844] [-930.63510021]
starting dispersion ..........
time to diag over MBZ 0.018059730529785156
[-0.33017344] [-930.5911481]
starting dispersion ..........
time to diag over MBZ 0.017996788024902344
[-0.33798594] [-930.62100956]
starting dispersion ..........
time to diag over MBZ 0.017673254013061523
[-0.34970469] [-930.63587296]
starting dispersion ..........
time to diag over MBZ 0.017705917358398438
[-0.35361094] [-930.63227292]
starting dispersion ..........
time to diag over MBZ 0.01797032356262207
[-0.35165781] [-930.63462848]
starting dispersion ..........
time to diag over MBZ 0.017969131469726562
[-0.34872812] [-930.63608413]
starting dispersion ..........
time to diag over MBZ 0.018070220947265625
[-0.34775156] [-930.63602423]
starting dispersion ..........
time to diag over MBZ 0.01786065101623535
[-0.34921641] [-930.63601257]
starting dispersion ..........
time to diag over MBZ 0.01792144775390625
[-0.34848398] [-930.63609448]
starting dispersion ..........
time to diag over MBZ 0.018036365509033203
[-0.34823984] [-930.63608792]
starting dispersion ..........
time to diag over MBZ 0.01791667938232422
[-0.34838398] [-930.63609384]
starting dispersion ..........
time to diag over MBZ 0.01801276206970215
[-0.34858398] [-930.63609228]
0.11888888888888886 [8.09913422e-01 4.08013235e-03 4.12687820e-04] -930.6360922844785 time for minimization 0.39956188201904297
starting dispersion ..........
time to diag over MBZ 0.012733221054077148
[0, 0, 0] -889.4717076738372
starting dispersion ..........
time to diag over MBZ 0.014081954956054688
0 -931.2164884639151
starting dispersion ..........
time to diag over MBZ 0.013700485229492188
[8.09913422e-01 4.08013235e-03 4.12687820e-04] -1015.0025053692691
starting dispersion ..........
time to diag over MBZ 0.013620853424072266
[1.80991342e+00 4.08013235e-03 4.12687820e-04] -546.5718367099355
starting dispersion ..........
time to diag over MBZ 0.013414621353149414
[8.09913422e-01 1.00408013e+00 4.12687820e-04] -1015.0024963573715
starting dispersion ..........
time to diag over MBZ 0.013415098190307617
[0.80991342 0.00408013 1.00041269] -1014.9994631803261
starting dispersion ..........
time to diag over MBZ 0.013526201248168945
[-0.19008658  0.00408011  0.00040619] -911.2611802937631
starting dispersion ..........
time to diag over MBZ 0.013588905334472656
[0.30991342 0.00408012 0.00040944] -938.5223819002404
starting dispersion ..........
time to diag over MBZ 0.013655662536621094
[1.05991342e+00 4.08011762e-03 4.07715631e-04] -988.7561578035699
starting dispersion ..........
time to diag over MBZ 0.013647079467773438
[ 8.09913415e-01 -1.20919868e-01  4.12687820e-04] -1015.0025047413733
starting dispersion ..........
time to diag over MBZ 0.013567209243774414
[5.59913422e-01 4.08015904e-03 4.05443505e-04] -992.6543785214508
starting dispersion ..........
time to diag over MBZ 0.013698816299438477
[ 0.80991094  0.00408013 -0.12458731] -1015.0024394976685
starting dispersion ..........
time to diag over MBZ 0.013585805892944336
[5.59913422e-01 4.08015904e-03 4.18914880e-04] -992.6543785168068
starting dispersion ..........
time to diag over MBZ 0.013649463653564453
[6.84913422e-01 4.08014569e-03 4.15801350e-04] -1009.129560814479
starting dispersion ..........
time to diag over MBZ 0.013652801513671875
[8.72413422e-01 4.08013535e-03 4.12145779e-04] -1013.4269762005215
starting dispersion ..........
time to diag over MBZ 0.013875246047973633
[7.78663422e-01 4.08014042e-03 4.13962612e-04] -1014.6275885157897
starting dispersion ..........
time to diag over MBZ 0.01385498046875
[8.09913426e-01 1.97051323e-02 4.12687820e-04] -1015.0025053522388
starting dispersion ..........
time to diag over MBZ 0.013896703720092773
[8.41163422e-01 4.08012144e-03 4.13438925e-04] -1014.6092975795425
starting dispersion ..........
time to diag over MBZ 0.01374053955078125
[0.80991406 0.00408013 0.01603769] -1015.0025041529252
starting dispersion ..........
time to diag over MBZ 0.013419151306152344
[8.41163422e-01 4.08012144e-03 4.11210258e-04] -1014.609297580201
starting dispersion ..........
time to diag over MBZ 0.013476371765136719
[8.25538422e-01 4.08012689e-03 4.11949039e-04] -1014.903265131383
starting dispersion ..........
time to diag over MBZ 0.013590574264526367
[8.02100922e-01 4.08013302e-03 4.12910763e-04] -1014.9799334354948
starting dispersion ..........
time to diag over MBZ 0.013566255569458008
[8.13819672e-01 4.08012987e-03 4.12423222e-04] -1014.9958066382944
starting dispersion ..........
time to diag over MBZ 0.013586282730102539
[8.09913421e-01 2.12700735e-03 4.12687820e-04] -1015.0025053700208
starting dispersion ..........
time to diag over MBZ 0.013628244400024414
[8.06007171e-01 2.12700895e-03 4.12669846e-04] -1014.9972000639336
starting dispersion ..........
time to diag over MBZ 0.013621807098388672
[ 0.80991343  0.00212701 -0.00154044] -1015.0025053658637
starting dispersion ..........
time to diag over MBZ 0.013689279556274414
[8.13819671e-01 2.12700376e-03 4.12711915e-04] -1014.995806642841
starting dispersion ..........
time to diag over MBZ 0.013710975646972656
[8.11866546e-01 2.12700555e-03 4.12699867e-04] -1015.0006591640206
starting dispersion ..........
time to diag over MBZ 0.013751745223999023
[8.08936859e-01 2.12700757e-03 4.12685525e-04] -1015.002302760317
starting dispersion ..........
time to diag over MBZ 0.013818979263305664
[8.10401702e-01 2.12700613e-03 4.12695075e-04] -1015.002325371112
starting dispersion ..........
time to diag over MBZ 0.013725519180297852
[8.09913420e-01 1.88286672e-03 4.12687820e-04] -1015.0025053701711
starting dispersion ..........
time to diag over MBZ 0.01377415657043457
[8.09425139e-01 1.88286712e-03 4.12688392e-04] -1015.0024978053175
starting dispersion ..........
time to diag over MBZ 0.013840198516845703
[8.09913421e-01 1.88286672e-03 6.56828445e-04] -1015.0025053698816
starting dispersion ..........
time to diag over MBZ 0.013715982437133789
[8.10401702e-01 1.88284610e-03 4.12649882e-04] -1015.0023253714967
starting dispersion ..........
time to diag over MBZ 0.013802051544189453
[8.10157561e-01 1.88285641e-03 4.12668851e-04] -1015.0024388214626
starting dispersion ..........
time to diag over MBZ 0.013899564743041992
[8.09813420e-01 1.88286675e-03 4.12687502e-04] -1015.0025190911872
starting dispersion ..........
time to diag over MBZ 0.013897180557250977
[8.09713420e-01 1.88286655e-03 4.12686755e-04] -1015.0025249459318
starting dispersion ..........
time to diag over MBZ 0.015023231506347656
[8.09634505e-01 1.83943648e-03 3.69255820e-04] -1015.0025240134817
starting dispersion ..........
time to diag over MBZ 0.013814926147460938
[8.09713420e-01 1.84751103e-03 4.48041915e-04] -1015.0025249459145
starting dispersion ..........
time to diag over MBZ 0.013793468475341797
[8.09659063e-01 1.94221832e-03 4.72038376e-04] -1015.0025248285208
starting dispersion ..........
time to diag over MBZ 0.018111228942871094
[-0.34858398] [-933.29937146]
starting dispersion ..........
time to diag over MBZ 0.018199443817138672
[0.65141602] [-908.56667707]
starting dispersion ..........
time to diag over MBZ 0.018125534057617188
[-1.34858398] [-562.67592076]
starting dispersion ..........
time to diag over MBZ 0.018061161041259766
[-0.84858398] [-857.22424155]
starting dispersion ..........
time to diag over MBZ 0.018111467361450195
[-0.09858398] [-931.61555003]
starting dispersion ..........
time to diag over MBZ 0.018083572387695312
[-0.47358398] [-929.24866603]
starting dispersion ..........
time to diag over MBZ 0.01801443099975586
[-0.28608398] [-933.41142625]
starting dispersion ..........
time to diag over MBZ 0.01759505271911621
[-0.25483398] [-933.20905652]
starting dispersion ..........
time to diag over MBZ 0.01770639419555664
[-0.30170898] [-933.45936472]
starting dispersion ..........
time to diag over MBZ 0.0178072452545166
[-0.31733398] [-933.46187435]
starting dispersion ..........
time to diag over MBZ 0.017752647399902344
[-0.32514648] [-933.44367363]
starting dispersion ..........
time to diag over MBZ 0.017811059951782227
[-0.31342773] [-933.46592721]
starting dispersion ..........
time to diag over MBZ 0.017847299575805664
[-0.30952148] [-933.46677877]
starting dispersion ..........
time to diag over MBZ 0.017939090728759766
[-0.30561523] [-933.46455092]
starting dispersion ..........
time to diag over MBZ 0.017737388610839844
[-0.30756836] [-933.46604219]
starting dispersion ..........
time to diag over MBZ 0.01775813102722168
[-0.31049805] [-933.46685933]
starting dispersion ..........
time to diag over MBZ 0.017682790756225586
[-0.31147461] [-933.46674552]
starting dispersion ..........
time to diag over MBZ 0.01785755157470703
[-0.31098633] [-933.46682684]
starting dispersion ..........
time to diag over MBZ 0.01792168617248535
[-0.31025391] [-933.46685733]
starting dispersion ..........
time to diag over MBZ 0.017917633056640625
[-0.31059805] [-933.46685664]
starting dispersion ..........
time to diag over MBZ 0.017721891403198242
[-0.31039805] [-933.46685998]
starting dispersion ..........
time to diag over MBZ 0.017812490463256836
[-0.31029805] [-933.46685859]
0.13444444444444442 [8.09659063e-01 1.94221832e-03 4.72038376e-04] -933.4668585931321 time for minimization 0.39790773391723633
starting dispersion ..........
time to diag over MBZ 0.012806892395019531
[0, 0, 0] -892.732363906388
starting dispersion ..........
time to diag over MBZ 0.014276742935180664
0 -936.1052698323346
starting dispersion ..........
time to diag over MBZ 0.013772010803222656
[8.09659063e-01 1.94221832e-03 4.72038376e-04] -1015.0264368735147
starting dispersion ..........
time to diag over MBZ 0.013776302337646484
[1.80965906e+00 1.94221832e-03 4.72038376e-04] -546.822067727004
starting dispersion ..........
time to diag over MBZ 0.013720512390136719
[8.09659063e-01 1.00194222e+00 4.72038376e-04] -1015.0264250695025
starting dispersion ..........
time to diag over MBZ 0.013596057891845703
[0.80965906 0.00194222 1.00047204] -1015.0257494582293
starting dispersion ..........
time to diag over MBZ 0.01361083984375
[-0.19034094  0.00194219  0.00047057] -913.317642009248
starting dispersion ..........
time to diag over MBZ 0.013487100601196289
[0.30965906 0.00194221 0.0004713 ] -939.4965784239167
starting dispersion ..........
time to diag over MBZ 0.013550281524658203
[1.05965906e+00 1.94219878e-03 4.70900721e-04] -988.8138230352503
starting dispersion ..........
time to diag over MBZ 0.013560771942138672
[ 8.09659053e-01 -1.23057782e-01  4.72038376e-04] -1015.0264360249414
starting dispersion ..........
time to diag over MBZ 0.013434410095214844
[5.59659063e-01 1.94225404e-03 4.70399338e-04] -992.7881574785374
starting dispersion ..........
time to diag over MBZ 0.013591527938842773
[ 0.80965849  0.00194222 -0.12452796] -1015.0264220046215
starting dispersion ..........
time to diag over MBZ 0.013353824615478516
[5.59659063e-01 1.94225404e-03 4.73459652e-04] -992.788157478313
starting dispersion ..........
time to diag over MBZ 0.013432025909423828
[6.84659063e-01 1.94223618e-03 4.72749014e-04] -1009.1723525955367
starting dispersion ..........
time to diag over MBZ 0.013587236404418945
[8.72159063e-01 1.94222249e-03 4.71912707e-04] -1013.4540582013299
starting dispersion ..........
time to diag over MBZ 0.013687610626220703
[7.78409063e-01 1.94222919e-03 4.72328337e-04] -1014.6523790542817
starting dispersion ..........
time to diag over MBZ 0.013520002365112305
[8.09659068e-01 1.75672183e-02 4.72038376e-04] -1015.026436855105
starting dispersion ..........
time to diag over MBZ 0.013524532318115234
[8.40909063e-01 1.94220437e-03 4.72206718e-04] -1014.6341101108715
starting dispersion ..........
time to diag over MBZ 0.013563871383666992
[0.80965921 0.00194222 0.01609704] -1015.0264365971011
starting dispersion ..........
time to diag over MBZ 0.013606071472167969
[8.40909063e-01 1.94220437e-03 4.71702229e-04] -1014.634110110906
starting dispersion ..........
time to diag over MBZ 0.013573408126831055
[8.25284063e-01 1.94221134e-03 4.71870303e-04] -1014.9274434946142
starting dispersion ..........
time to diag over MBZ 0.013684749603271484
[8.01846563e-01 1.94221958e-03 4.72089052e-04] -1015.0039010148187
starting dispersion ..........
time to diag over MBZ 0.013438224792480469
[8.13565313e-01 1.94221536e-03 4.71978175e-04] -1015.0197611046376
starting dispersion ..........
time to diag over MBZ 0.013542890548706055
[ 8.09659061e-01 -1.09066837e-05  4.72038376e-04] -1015.0264368739879
starting dispersion ..........
time to diag over MBZ 0.013552665710449219
[ 8.05752811e-01 -1.09042826e-05  4.72034186e-04] -1015.0211356795719
starting dispersion ..........
time to diag over MBZ 0.013620853424072266
[ 8.09659063e-01 -1.09066837e-05 -1.48108662e-03] -1015.0264368736234
starting dispersion ..........
time to diag over MBZ 0.01361536979675293
[ 8.13565311e-01 -1.09103358e-05  4.72043103e-04] -1015.0197611096496
starting dispersion ..........
time to diag over MBZ 0.013529062271118164
[ 8.11612186e-01 -1.09085098e-05  4.72040739e-04] -1015.0245988127294
starting dispersion ..........
time to diag over MBZ 0.013505935668945312
[ 8.08682499e-01 -1.09061964e-05  4.72037522e-04] -1015.0262327240357
starting dispersion ..........
time to diag over MBZ 0.013695955276489258
[ 8.10147343e-01 -1.09076189e-05  4.72039335e-04] -1015.0262582804687
starting dispersion ..........
time to diag over MBZ 0.013577699661254883
[ 8.09659061e-01 -2.55047309e-04  4.72038376e-04] -1015.0264368740659
starting dispersion ..........
time to diag over MBZ 0.013472557067871094
[ 8.09170780e-01 -2.55046800e-04  4.72038101e-04] -1015.0264283268887
starting dispersion ..........
time to diag over MBZ 0.013425827026367188
[ 8.09659061e-01 -2.55047309e-04  7.16179001e-04] -1015.0264368740848
starting dispersion ..........
time to diag over MBZ 0.013519287109375
[ 8.10147342e-01 -2.55057155e-04  7.16181432e-04] -1015.0262582807973
starting dispersion ..........
time to diag over MBZ 0.013514041900634766
[ 8.09414920e-01 -2.55047054e-04  7.16178915e-04] -1015.0264559877521
starting dispersion ..........
time to diag over MBZ 0.013548135757446289
[ 8.09170779e-01 -2.55047583e-04  7.16179019e-04] -1015.026428326855
starting dispersion ..........
time to diag over MBZ 0.013676643371582031
[ 8.09314920e-01 -2.55047271e-04  7.16178958e-04] -1015.0264503129436
starting dispersion ..........
time to diag over MBZ 0.01350545883178711
[ 8.09414920e-01 -3.05047054e-04  7.16179075e-04] -1015.0264559877501
starting dispersion ..........
time to diag over MBZ 0.013715744018554688
[ 8.09453662e-01 -2.55046647e-04  8.08369267e-04] -1015.0264560772607
starting dispersion ..........
time to diag over MBZ 0.013612508773803711
[ 8.09546409e-01 -2.55046499e-04  7.70980112e-04] -1015.0264515062008
starting dispersion ..........
time to diag over MBZ 0.017905473709106445
[-0.31029805] [-936.91690873]
starting dispersion ..........
time to diag over MBZ 0.01774311065673828
[0.68970195] [-901.88918361]
starting dispersion ..........
time to diag over MBZ 0.017682313919067383
[-1.31029805] [-594.21382776]
starting dispersion ..........
time to diag over MBZ 0.01775813102722168
[-0.81029805] [-870.22152902]
starting dispersion ..........
time to diag over MBZ 0.017767667770385742
[-0.06029805] [-936.20830891]
starting dispersion ..........
time to diag over MBZ 0.0179440975189209
[-0.43529805] [-933.52833876]
starting dispersion ..........
time to diag over MBZ 0.017883777618408203
[-0.24779805] [-937.11622117]
starting dispersion ..........
time to diag over MBZ 0.017785072326660156
[-0.18529805] [-936.87245543]
starting dispersion ..........
time to diag over MBZ 0.01797175407409668
[-0.21654805] [-937.02760421]
starting dispersion ..........
time to diag over MBZ 0.017805099487304688
[-0.26342305] [-937.12244101]
starting dispersion ..........
time to diag over MBZ 0.017913341522216797
[-0.27904805] [-937.09550222]
starting dispersion ..........
time to diag over MBZ 0.01800370216369629
[-0.27123555] [-937.11349929]
starting dispersion ..........
time to diag over MBZ 0.017684221267700195
[-0.2595168] [-937.12375776]
starting dispersion ..........
time to diag over MBZ 0.017711400985717773
[-0.25561055] [-937.12309816]
starting dispersion ..........
time to diag over MBZ 0.01765275001525879
[-0.25756367] [-937.12366915]
starting dispersion ..........
time to diag over MBZ 0.017600297927856445
[-0.26049336] [-937.12361753]
starting dispersion ..........
time to diag over MBZ 0.01781177520751953
[-0.25902852] [-937.12378147]
starting dispersion ..........
time to diag over MBZ 0.017670392990112305
[-0.25854023] [-937.12377448]
starting dispersion ..........
time to diag over MBZ 0.01770925521850586
[-0.25878438] [-937.1237818]
starting dispersion ..........
time to diag over MBZ 0.01764655113220215
[-0.25868438] [-937.12377973]
starting dispersion ..........
time to diag over MBZ 0.017407655715942383
[-0.25888437] [-937.12378259]
starting dispersion ..........
time to diag over MBZ 0.017567873001098633
[-0.25898437] [-937.1237821]
0.15 [ 8.09546409e-01 -2.55046499e-04  7.70980112e-04] -937.1237820977921 time for minimization 0.39488816261291504
10.13user 0.08system 0:10.26elapsed 99%CPU (0avgtext+0avgdata 174184maxresident)k
0inputs+352outputs (2major+45051minor)pagefaults 0swaps
